\BOOKMARK [0][-]{chapter.1}{\376\377\000P\000i\000c\000t\000u\000r\000e\000C\000r\000y\000p\000t}{}% 1
\BOOKMARK [1][-]{section.1.1}{\376\377\000T\000h\000e\000\040\000i\000d\000e\000a\000\040\000o\000f\000\040\000t\000h\000e\000\040\000p\000r\000o\000j\000e\000c\000t}{chapter.1}% 2
\BOOKMARK [1][-]{section.1.2}{\376\377\000R\000e\000a\000l\000i\000s\000a\000t\000i\000o\000n}{chapter.1}% 3
\BOOKMARK [1][-]{section.1.3}{\376\377\000H\000o\000w\000\040\000c\000a\000n\000\040\000s\000o\000m\000e\000o\000n\000e\000\040\000u\000s\000e\000\040\000i\000t\000?}{chapter.1}% 4
\BOOKMARK [1][-]{section.1.4}{\376\377\000S\000t\000r\000u\000c\000t\000u\000r\000e\000\040\000o\000f\000\040\000t\000h\000e\000\040\000p\000r\000o\000j\000e\000c\000t\000.}{chapter.1}% 5
\BOOKMARK [1][-]{section.1.5}{\376\377\000E\000x\000t\000e\000r\000n\000a\000l\000\040\000u\000s\000e}{chapter.1}% 6
\BOOKMARK [1][-]{section.1.6}{\376\377\000J\000P\000H\000S\000\040\000u\000s\000e}{chapter.1}% 7
\BOOKMARK [1][-]{section.1.7}{\376\377\000L\000i\000c\000e\000n\000s\000e}{chapter.1}% 8
\BOOKMARK [1][-]{section.1.8}{\376\377\000C\000o\000n\000t\000a\000c\000t\000\040\000u\000s}{chapter.1}% 9
\BOOKMARK [0][-]{chapter.2}{\376\377\000N\000a\000m\000e\000s\000p\000a\000c\000e\000\040\000I\000n\000d\000e\000x}{}% 10
\BOOKMARK [1][-]{section.2.1}{\376\377\000N\000a\000m\000e\000s\000p\000a\000c\000e\000\040\000L\000i\000s\000t}{chapter.2}% 11
\BOOKMARK [0][-]{chapter.3}{\376\377\000H\000i\000e\000r\000a\000r\000c\000h\000i\000c\000a\000l\000\040\000I\000n\000d\000e\000x}{}% 12
\BOOKMARK [1][-]{section.3.1}{\376\377\000C\000l\000a\000s\000s\000\040\000H\000i\000e\000r\000a\000r\000c\000h\000y}{chapter.3}% 13
\BOOKMARK [0][-]{chapter.4}{\376\377\000C\000l\000a\000s\000s\000\040\000I\000n\000d\000e\000x}{}% 14
\BOOKMARK [1][-]{section.4.1}{\376\377\000C\000l\000a\000s\000s\000\040\000L\000i\000s\000t}{chapter.4}% 15
\BOOKMARK [0][-]{chapter.5}{\376\377\000F\000i\000l\000e\000\040\000I\000n\000d\000e\000x}{}% 16
\BOOKMARK [1][-]{section.5.1}{\376\377\000F\000i\000l\000e\000\040\000L\000i\000s\000t}{chapter.5}% 17
\BOOKMARK [0][-]{chapter.6}{\376\377\000N\000a\000m\000e\000s\000p\000a\000c\000e\000\040\000D\000o\000c\000u\000m\000e\000n\000t\000a\000t\000i\000o\000n}{}% 18
\BOOKMARK [1][-]{section.6.1}{\376\377\000E\000r\000r\000o\000r\000s\000D\000i\000c\000t\000S\000e\000t\000u\000p\000\040\000N\000a\000m\000e\000s\000p\000a\000c\000e\000\040\000R\000e\000f\000e\000r\000e\000n\000c\000e}{chapter.6}% 19
\BOOKMARK [2][-]{subsection.6.1.1}{\376\377\000V\000a\000r\000i\000a\000b\000l\000e\000\040\000D\000o\000c\000u\000m\000e\000n\000t\000a\000t\000i\000o\000n}{section.6.1}% 20
\BOOKMARK [3][-]{subsubsection.6.1.1.1}{\376\377\000d\000a\000t\000a}{subsection.6.1.1}% 21
\BOOKMARK [3][-]{subsubsection.6.1.1.2}{\376\377\000f\000i\000l\000e\000n\000a\000m\000e}{subsection.6.1.1}% 22
\BOOKMARK [3][-]{subsubsection.6.1.1.3}{\376\377\000i\000n\000p\000u\000t\000\137\000d\000a\000t\000a}{subsection.6.1.1}% 23
\BOOKMARK [3][-]{subsubsection.6.1.1.4}{\376\377\000r\000a\000w}{subsection.6.1.1}% 24
\BOOKMARK [1][-]{section.6.2}{\376\377\000t\000e\000s\000t\000s\000-\000s\000e\000t\000u\000p\000\040\000N\000a\000m\000e\000s\000p\000a\000c\000e\000\040\000R\000e\000f\000e\000r\000e\000n\000c\000e}{chapter.6}% 25
\BOOKMARK [2][-]{subsection.6.2.1}{\376\377\000V\000a\000r\000i\000a\000b\000l\000e\000\040\000D\000o\000c\000u\000m\000e\000n\000t\000a\000t\000i\000o\000n}{section.6.2}% 26
\BOOKMARK [3][-]{subsubsection.6.2.1.1}{\376\377\000a\000r\000r}{subsection.6.2.1}% 27
\BOOKMARK [3][-]{subsubsection.6.2.1.2}{\376\377\000f\000i\000l\000e\000n\000a\000m\000e}{subsection.6.2.1}% 28
\BOOKMARK [3][-]{subsubsection.6.2.1.3}{\376\377\000i\000n\000p\000u\000t\000\137\000d\000a\000t\000a}{subsection.6.2.1}% 29
\BOOKMARK [3][-]{subsubsection.6.2.1.4}{\376\377\000j\000s}{subsection.6.2.1}% 30
\BOOKMARK [3][-]{subsubsection.6.2.1.5}{\376\377\000o\000b\000j}{subsection.6.2.1}% 31
\BOOKMARK [3][-]{subsubsection.6.2.1.6}{\376\377\000r\000a\000w}{subsection.6.2.1}% 32
\BOOKMARK [1][-]{section.6.3}{\376\377\000U\000i\000\040\000N\000a\000m\000e\000s\000p\000a\000c\000e\000\040\000R\000e\000f\000e\000r\000e\000n\000c\000e}{chapter.6}% 33
\BOOKMARK [0][-]{chapter.7}{\376\377\000C\000l\000a\000s\000s\000\040\000D\000o\000c\000u\000m\000e\000n\000t\000a\000t\000i\000o\000n}{}% 34
\BOOKMARK [1][-]{section.7.1}{\376\377\000A\000b\000o\000u\000t\000P\000C\000\040\000C\000l\000a\000s\000s\000\040\000R\000e\000f\000e\000r\000e\000n\000c\000e}{chapter.7}% 35
\BOOKMARK [2][-]{subsection.7.1.1}{\376\377\000D\000e\000t\000a\000i\000l\000e\000d\000\040\000D\000e\000s\000c\000r\000i\000p\000t\000i\000o\000n}{section.7.1}% 36
\BOOKMARK [2][-]{subsection.7.1.2}{\376\377\000C\000o\000n\000s\000t\000r\000u\000c\000t\000o\000r\000\040\000\046\000\040\000D\000e\000s\000t\000r\000u\000c\000t\000o\000r\000\040\000D\000o\000c\000u\000m\000e\000n\000t\000a\000t\000i\000o\000n}{section.7.1}% 37
\BOOKMARK [3][-]{subsubsection.7.1.2.1}{\376\377\000A\000b\000o\000u\000t\000P\000C}{subsection.7.1.2}% 38
\BOOKMARK [3][-]{subsubsection.7.1.2.2}{\376\377\000A\000b\000o\000u\000t\000P\000C}{subsection.7.1.2}% 39
\BOOKMARK [2][-]{subsection.7.1.3}{\376\377\000M\000e\000m\000b\000e\000r\000\040\000F\000u\000n\000c\000t\000i\000o\000n\000\040\000D\000o\000c\000u\000m\000e\000n\000t\000a\000t\000i\000o\000n}{section.7.1}% 40
\BOOKMARK [3][-]{subsubsection.7.1.3.1}{\376\377\000s\000e\000t\000V\000e\000r\000s\000i\000o\000n}{subsection.7.1.3}% 41
\BOOKMARK [1][-]{section.7.2}{\376\377\000C\000o\000n\000t\000r\000o\000l\000l\000e\000r\000P\000C\000\040\000C\000l\000a\000s\000s\000\040\000R\000e\000f\000e\000r\000e\000n\000c\000e}{chapter.7}% 42
\BOOKMARK [2][-]{subsection.7.2.1}{\376\377\000D\000e\000t\000a\000i\000l\000e\000d\000\040\000D\000e\000s\000c\000r\000i\000p\000t\000i\000o\000n}{section.7.2}% 43
\BOOKMARK [2][-]{subsection.7.2.2}{\376\377\000C\000o\000n\000s\000t\000r\000u\000c\000t\000o\000r\000\040\000\046\000\040\000D\000e\000s\000t\000r\000u\000c\000t\000o\000r\000\040\000D\000o\000c\000u\000m\000e\000n\000t\000a\000t\000i\000o\000n}{section.7.2}% 44
\BOOKMARK [3][-]{subsubsection.7.2.2.1}{\376\377\000C\000o\000n\000t\000r\000o\000l\000l\000e\000r\000P\000C}{subsection.7.2.2}% 45
\BOOKMARK [2][-]{subsection.7.2.3}{\376\377\000M\000e\000m\000b\000e\000r\000\040\000F\000u\000n\000c\000t\000i\000o\000n\000\040\000D\000o\000c\000u\000m\000e\000n\000t\000a\000t\000i\000o\000n}{section.7.2}% 46
\BOOKMARK [3][-]{subsubsection.7.2.3.1}{\376\377\000a\000b\000o\000r\000t\000C\000i\000r\000c\000u\000i\000t}{subsection.7.2.3}% 47
\BOOKMARK [3][-]{subsubsection.7.2.3.2}{\376\377\000r\000u\000n\000T\000e\000s\000t\000s}{subsection.7.2.3}% 48
\BOOKMARK [3][-]{subsubsection.7.2.3.3}{\376\377\000s\000e\000t\000J\000P\000H\000S\000D\000i\000r}{subsection.7.2.3}% 49
\BOOKMARK [2][-]{subsection.7.2.4}{\376\377\000M\000e\000m\000b\000e\000r\000\040\000D\000a\000t\000a\000\040\000D\000o\000c\000u\000m\000e\000n\000t\000a\000t\000i\000o\000n}{section.7.2}% 50
\BOOKMARK [3][-]{subsubsection.7.2.4.1}{\376\377\000v\000e\000r\000s\000i\000o\000n}{subsection.7.2.4}% 51
\BOOKMARK [3][-]{subsubsection.7.2.4.2}{\376\377\000v\000e\000r\000s\000i\000o\000n\000S\000t\000r\000i\000n\000g}{subsection.7.2.4}% 52
\BOOKMARK [1][-]{section.7.3}{\376\377\000E\000n\000c\000r\000y\000p\000t\000D\000i\000a\000l\000o\000g\000\040\000C\000l\000a\000s\000s\000\040\000R\000e\000f\000e\000r\000e\000n\000c\000e}{chapter.7}% 53
\BOOKMARK [2][-]{subsection.7.3.1}{\376\377\000D\000e\000t\000a\000i\000l\000e\000d\000\040\000D\000e\000s\000c\000r\000i\000p\000t\000i\000o\000n}{section.7.3}% 54
\BOOKMARK [2][-]{subsection.7.3.2}{\376\377\000C\000o\000n\000s\000t\000r\000u\000c\000t\000o\000r\000\040\000\046\000\040\000D\000e\000s\000t\000r\000u\000c\000t\000o\000r\000\040\000D\000o\000c\000u\000m\000e\000n\000t\000a\000t\000i\000o\000n}{section.7.3}% 55
\BOOKMARK [3][-]{subsubsection.7.3.2.1}{\376\377\000E\000n\000c\000r\000y\000p\000t\000D\000i\000a\000l\000o\000g}{subsection.7.3.2}% 56
\BOOKMARK [3][-]{subsubsection.7.3.2.2}{\376\377\000E\000n\000c\000r\000y\000p\000t\000D\000i\000a\000l\000o\000g}{subsection.7.3.2}% 57
\BOOKMARK [2][-]{subsection.7.3.3}{\376\377\000M\000e\000m\000b\000e\000r\000\040\000F\000u\000n\000c\000t\000i\000o\000n\000\040\000D\000o\000c\000u\000m\000e\000n\000t\000a\000t\000i\000o\000n}{section.7.3}% 58
\BOOKMARK [3][-]{subsubsection.7.3.3.1}{\376\377\000o\000n\000\137\000b\000i\000t\000s\000S\000l\000i\000d\000e\000r\000\137\000v\000a\000l\000u\000e\000C\000h\000a\000n\000g\000e\000d}{subsection.7.3.3}% 59
\BOOKMARK [3][-]{subsubsection.7.3.3.2}{\376\377\000o\000n\000\137\000b\000u\000t\000t\000o\000n\000B\000o\000x\000\137\000a\000c\000c\000e\000p\000t\000e\000d}{subsection.7.3.3}% 60
\BOOKMARK [3][-]{subsubsection.7.3.3.3}{\376\377\000o\000n\000\137\000b\000u\000t\000t\000o\000n\000B\000o\000x\000\137\000r\000e\000j\000e\000c\000t\000e\000d}{subsection.7.3.3}% 61
\BOOKMARK [3][-]{subsubsection.7.3.3.4}{\376\377\000o\000n\000\137\000f\000i\000l\000e\000B\000u\000t\000t\000o\000n\000\137\000c\000l\000i\000c\000k\000e\000d}{subsection.7.3.3}% 62
\BOOKMARK [3][-]{subsubsection.7.3.3.5}{\376\377\000z\000i\000p}{subsection.7.3.3}% 63
\BOOKMARK [2][-]{subsection.7.3.4}{\376\377\000M\000e\000m\000b\000e\000r\000\040\000D\000a\000t\000a\000\040\000D\000o\000c\000u\000m\000e\000n\000t\000a\000t\000i\000o\000n}{section.7.3}% 64
\BOOKMARK [3][-]{subsubsection.7.3.4.1}{\376\377\000b\000i\000t\000s\000U\000s\000e\000d}{subsection.7.3.4}% 65
\BOOKMARK [3][-]{subsubsection.7.3.4.2}{\376\377\000c\000o\000m\000p\000r\000\137\000d\000a\000t\000a}{subsection.7.3.4}% 66
\BOOKMARK [3][-]{subsubsection.7.3.4.3}{\376\377\000d\000a\000t\000a}{subsection.7.3.4}% 67
\BOOKMARK [3][-]{subsubsection.7.3.4.4}{\376\377\000g\000o\000o\000d\000P\000e\000r\000c\000e\000n\000t\000a\000g\000e}{subsection.7.3.4}% 68
\BOOKMARK [3][-]{subsubsection.7.3.4.5}{\376\377\000i\000m\000a\000g\000e}{subsection.7.3.4}% 69
\BOOKMARK [3][-]{subsubsection.7.3.4.6}{\376\377\000i\000n\000p\000u\000t\000F\000i\000l\000e\000N\000a\000m\000e}{subsection.7.3.4}% 70
\BOOKMARK [3][-]{subsubsection.7.3.4.7}{\376\377\000k\000e\000y}{subsection.7.3.4}% 71
\BOOKMARK [3][-]{subsubsection.7.3.4.8}{\376\377\000s\000i\000z\000e}{subsection.7.3.4}% 72
\BOOKMARK [3][-]{subsubsection.7.3.4.9}{\376\377\000s\000u\000c\000c\000e\000s\000s}{subsection.7.3.4}% 73
\BOOKMARK [3][-]{subsubsection.7.3.4.10}{\376\377\000v\000a\000l}{subsection.7.3.4}% 74
\BOOKMARK [1][-]{section.7.4}{\376\377\000M\000o\000d\000e\000l\000P\000C\000\040\000C\000l\000a\000s\000s\000\040\000R\000e\000f\000e\000r\000e\000n\000c\000e}{chapter.7}% 75
\BOOKMARK [2][-]{subsection.7.4.1}{\376\377\000D\000e\000t\000a\000i\000l\000e\000d\000\040\000D\000e\000s\000c\000r\000i\000p\000t\000i\000o\000n}{section.7.4}% 76
\BOOKMARK [2][-]{subsection.7.4.2}{\376\377\000C\000o\000n\000s\000t\000r\000u\000c\000t\000o\000r\000\040\000\046\000\040\000D\000e\000s\000t\000r\000u\000c\000t\000o\000r\000\040\000D\000o\000c\000u\000m\000e\000n\000t\000a\000t\000i\000o\000n}{section.7.4}% 77
\BOOKMARK [3][-]{subsubsection.7.4.2.1}{\376\377\000M\000o\000d\000e\000l\000P\000C}{subsection.7.4.2}% 78
\BOOKMARK [2][-]{subsection.7.4.3}{\376\377\000M\000e\000m\000b\000e\000r\000\040\000F\000u\000n\000c\000t\000i\000o\000n\000\040\000D\000o\000c\000u\000m\000e\000n\000t\000a\000t\000i\000o\000n}{section.7.4}% 79
\BOOKMARK [3][-]{subsubsection.7.4.3.1}{\376\377\000a\000l\000e\000r\000t}{subsection.7.4.3}% 80
\BOOKMARK [3][-]{subsubsection.7.4.3.2}{\376\377\000a\000l\000e\000r\000t\000V\000i\000e\000w}{subsection.7.4.3}% 81
\BOOKMARK [3][-]{subsubsection.7.4.3.3}{\376\377\000c\000i\000r\000c\000u\000i\000t}{subsection.7.4.3}% 82
\BOOKMARK [3][-]{subsubsection.7.4.3.4}{\376\377\000D\000e\000c\000r\000y\000p\000t}{subsection.7.4.3}% 83
\BOOKMARK [3][-]{subsubsection.7.4.3.5}{\376\377\000d\000e\000c\000r\000y\000p\000t}{subsection.7.4.3}% 84
\BOOKMARK [3][-]{subsubsection.7.4.3.6}{\376\377\000E\000n\000c\000r\000y\000p\000t}{subsection.7.4.3}% 85
\BOOKMARK [3][-]{subsubsection.7.4.3.7}{\376\377\000e\000n\000c\000r\000y\000p\000t}{subsection.7.4.3}% 86
\BOOKMARK [3][-]{subsubsection.7.4.3.8}{\376\377\000f\000a\000i\000l}{subsection.7.4.3}% 87
\BOOKMARK [3][-]{subsubsection.7.4.3.9}{\376\377\000j\000p\000h\000s}{subsection.7.4.3}% 88
\BOOKMARK [3][-]{subsubsection.7.4.3.10}{\376\377\000m\000o\000d\000e\000r\000n\000C\000i\000r\000c\000u\000i\000t}{subsection.7.4.3}% 89
\BOOKMARK [3][-]{subsubsection.7.4.3.11}{\376\377\000p\000r\000o\000c\000e\000s\000s\000P\000i\000x\000e\000l}{subsection.7.4.3}% 90
\BOOKMARK [3][-]{subsubsection.7.4.3.12}{\376\377\000s\000a\000v\000e\000D\000a\000t\000a}{subsection.7.4.3}% 91
\BOOKMARK [3][-]{subsubsection.7.4.3.13}{\376\377\000s\000a\000v\000e\000I\000m\000a\000g\000e}{subsection.7.4.3}% 92
\BOOKMARK [3][-]{subsubsection.7.4.3.14}{\376\377\000s\000e\000t\000P\000r\000o\000g\000r\000e\000s\000s}{subsection.7.4.3}% 93
\BOOKMARK [3][-]{subsubsection.7.4.3.15}{\376\377\000S\000t\000a\000r\000t}{subsection.7.4.3}% 94
\BOOKMARK [3][-]{subsubsection.7.4.3.16}{\376\377\000s\000t\000a\000r\000t}{subsection.7.4.3}% 95
\BOOKMARK [3][-]{subsubsection.7.4.3.17}{\376\377\000u\000n\000z\000i\000p}{subsection.7.4.3}% 96
\BOOKMARK [3][-]{subsubsection.7.4.3.18}{\376\377\000z\000i\000p}{subsection.7.4.3}% 97
\BOOKMARK [2][-]{subsection.7.4.4}{\376\377\000M\000e\000m\000b\000e\000r\000\040\000D\000a\000t\000a\000\040\000D\000o\000c\000u\000m\000e\000n\000t\000a\000t\000i\000o\000n}{section.7.4}% 98
\BOOKMARK [3][-]{subsubsection.7.4.4.1}{\376\377\000b\000i\000t\000s\000U\000s\000e\000d}{subsection.7.4.4}% 99
\BOOKMARK [3][-]{subsubsection.7.4.4.2}{\376\377\000c\000u\000r\000M\000o\000d\000e}{subsection.7.4.4}% 100
\BOOKMARK [3][-]{subsubsection.7.4.4.3}{\376\377\000d\000e\000f\000a\000u\000l\000t\000J\000P\000H\000S\000D\000i\000r}{subsection.7.4.4}% 101
\BOOKMARK [3][-]{subsubsection.7.4.4.4}{\376\377\000e\000r\000r\000o\000r}{subsection.7.4.4}% 102
\BOOKMARK [3][-]{subsubsection.7.4.4.5}{\376\377\000s\000u\000c\000c\000e\000s\000s}{subsection.7.4.4}% 103
\BOOKMARK [3][-]{subsubsection.7.4.4.6}{\376\377\000v\000e\000r\000s\000i\000o\000n}{subsection.7.4.4}% 104
\BOOKMARK [3][-]{subsubsection.7.4.4.7}{\376\377\000v\000e\000r\000s\000i\000o\000n\000S\000t\000r\000i\000n\000g}{subsection.7.4.4}% 105
\BOOKMARK [1][-]{section.7.5}{\376\377\000Q\000A\000E\000S\000E\000n\000c\000r\000y\000p\000t\000i\000o\000n\000\040\000C\000l\000a\000s\000s\000\040\000R\000e\000f\000e\000r\000e\000n\000c\000e}{chapter.7}% 106
\BOOKMARK [2][-]{subsection.7.5.1}{\376\377\000D\000e\000t\000a\000i\000l\000e\000d\000\040\000D\000e\000s\000c\000r\000i\000p\000t\000i\000o\000n}{section.7.5}% 107
\BOOKMARK [2][-]{subsection.7.5.2}{\376\377\000M\000e\000m\000b\000e\000r\000\040\000E\000n\000u\000m\000e\000r\000a\000t\000i\000o\000n\000\040\000D\000o\000c\000u\000m\000e\000n\000t\000a\000t\000i\000o\000n}{section.7.5}% 108
\BOOKMARK [3][-]{subsubsection.7.5.2.1}{\376\377\000A\000e\000s}{subsection.7.5.2}% 109
\BOOKMARK [3][-]{subsubsection.7.5.2.2}{\376\377\000M\000o\000d\000e}{subsection.7.5.2}% 110
\BOOKMARK [3][-]{subsubsection.7.5.2.3}{\376\377\000P\000a\000d\000d\000i\000n\000g}{subsection.7.5.2}% 111
\BOOKMARK [2][-]{subsection.7.5.3}{\376\377\000C\000o\000n\000s\000t\000r\000u\000c\000t\000o\000r\000\040\000\046\000\040\000D\000e\000s\000t\000r\000u\000c\000t\000o\000r\000\040\000D\000o\000c\000u\000m\000e\000n\000t\000a\000t\000i\000o\000n}{section.7.5}% 112
\BOOKMARK [3][-]{subsubsection.7.5.3.1}{\376\377\000Q\000A\000E\000S\000E\000n\000c\000r\000y\000p\000t\000i\000o\000n}{subsection.7.5.3}% 113
\BOOKMARK [2][-]{subsection.7.5.4}{\376\377\000M\000e\000m\000b\000e\000r\000\040\000F\000u\000n\000c\000t\000i\000o\000n\000\040\000D\000o\000c\000u\000m\000e\000n\000t\000a\000t\000i\000o\000n}{section.7.5}% 114
\BOOKMARK [3][-]{subsubsection.7.5.4.1}{\376\377\000C\000r\000y\000p\000t}{subsection.7.5.4}% 115
\BOOKMARK [3][-]{subsubsection.7.5.4.2}{\376\377\000d\000e\000c\000o\000d\000e}{subsection.7.5.4}% 116
\BOOKMARK [3][-]{subsubsection.7.5.4.3}{\376\377\000D\000e\000c\000r\000y\000p\000t}{subsection.7.5.4}% 117
\BOOKMARK [3][-]{subsubsection.7.5.4.4}{\376\377\000e\000n\000c\000o\000d\000e}{subsection.7.5.4}% 118
\BOOKMARK [3][-]{subsubsection.7.5.4.5}{\376\377\000E\000x\000p\000a\000n\000d\000K\000e\000y}{subsection.7.5.4}% 119
\BOOKMARK [3][-]{subsubsection.7.5.4.6}{\376\377\000e\000x\000p\000a\000n\000d\000K\000e\000y}{subsection.7.5.4}% 120
\BOOKMARK [3][-]{subsubsection.7.5.4.7}{\376\377\000R\000e\000m\000o\000v\000e\000P\000a\000d\000d\000i\000n\000g}{subsection.7.5.4}% 121
\BOOKMARK [3][-]{subsubsection.7.5.4.8}{\376\377\000r\000e\000m\000o\000v\000e\000P\000a\000d\000d\000i\000n\000g}{subsection.7.5.4}% 122
\BOOKMARK [1][-]{section.7.6}{\376\377\000T\000e\000s\000t\000P\000C\000\040\000C\000l\000a\000s\000s\000\040\000R\000e\000f\000e\000r\000e\000n\000c\000e}{chapter.7}% 123
\BOOKMARK [2][-]{subsection.7.6.1}{\376\377\000D\000e\000t\000a\000i\000l\000e\000d\000\040\000D\000e\000s\000c\000r\000i\000p\000t\000i\000o\000n}{section.7.6}% 124
\BOOKMARK [2][-]{subsection.7.6.2}{\376\377\000C\000o\000n\000s\000t\000r\000u\000c\000t\000o\000r\000\040\000\046\000\040\000D\000e\000s\000t\000r\000u\000c\000t\000o\000r\000\040\000D\000o\000c\000u\000m\000e\000n\000t\000a\000t\000i\000o\000n}{section.7.6}% 125
\BOOKMARK [3][-]{subsubsection.7.6.2.1}{\376\377\000T\000e\000s\000t\000P\000C}{subsection.7.6.2}% 126
\BOOKMARK [2][-]{subsection.7.6.3}{\376\377\000M\000e\000m\000b\000e\000r\000\040\000F\000u\000n\000c\000t\000i\000o\000n\000\040\000D\000o\000c\000u\000m\000e\000n\000t\000a\000t\000i\000o\000n}{section.7.6}% 127
\BOOKMARK [3][-]{subsubsection.7.6.3.1}{\376\377\000s\000t\000a\000r\000t\000T\000e\000s\000t}{subsection.7.6.3}% 128
\BOOKMARK [3][-]{subsubsection.7.6.3.2}{\376\377\000T\000e\000s\000t}{subsection.7.6.3}% 129
\BOOKMARK [3][-]{subsubsection.7.6.3.3}{\376\377\000t\000e\000s\000t}{subsection.7.6.3}% 130
\BOOKMARK [1][-]{section.7.7}{\376\377\000V\000i\000e\000w\000P\000C\000\040\000C\000l\000a\000s\000s\000\040\000R\000e\000f\000e\000r\000e\000n\000c\000e}{chapter.7}% 131
\BOOKMARK [2][-]{subsection.7.7.1}{\376\377\000D\000e\000t\000a\000i\000l\000e\000d\000\040\000D\000e\000s\000c\000r\000i\000p\000t\000i\000o\000n}{section.7.7}% 132
\BOOKMARK [2][-]{subsection.7.7.2}{\376\377\000C\000o\000n\000s\000t\000r\000u\000c\000t\000o\000r\000\040\000\046\000\040\000D\000e\000s\000t\000r\000u\000c\000t\000o\000r\000\040\000D\000o\000c\000u\000m\000e\000n\000t\000a\000t\000i\000o\000n}{section.7.7}% 133
\BOOKMARK [3][-]{subsubsection.7.7.2.1}{\376\377\000V\000i\000e\000w\000P\000C}{subsection.7.7.2}% 134
\BOOKMARK [3][-]{subsubsection.7.7.2.2}{\376\377\000V\000i\000e\000w\000P\000C}{subsection.7.7.2}% 135
\BOOKMARK [2][-]{subsection.7.7.3}{\376\377\000M\000e\000m\000b\000e\000r\000\040\000F\000u\000n\000c\000t\000i\000o\000n\000\040\000D\000o\000c\000u\000m\000e\000n\000t\000a\000t\000i\000o\000n}{section.7.7}% 136
\BOOKMARK [3][-]{subsubsection.7.7.3.1}{\376\377\000a\000b\000o\000r\000t\000C\000i\000r\000c\000u\000i\000t}{subsection.7.7.3}% 137
\BOOKMARK [3][-]{subsubsection.7.7.3.2}{\376\377\000a\000b\000o\000r\000t\000M\000o\000d\000e\000l}{subsection.7.7.3}% 138
\BOOKMARK [3][-]{subsubsection.7.7.3.3}{\376\377\000a\000l\000e\000r\000t}{subsection.7.7.3}% 139
\BOOKMARK [3][-]{subsubsection.7.7.3.4}{\376\377\000d\000e\000c\000r\000y\000p\000t}{subsection.7.7.3}% 140
\BOOKMARK [3][-]{subsubsection.7.7.3.5}{\376\377\000e\000n\000c\000r\000y\000p\000t}{subsection.7.7.3}% 141
\BOOKMARK [3][-]{subsubsection.7.7.3.6}{\376\377\000o\000n\000\137\000a\000c\000t\000i\000o\000n\000A\000b\000o\000u\000t\000\137\000t\000r\000i\000g\000g\000e\000r\000e\000d}{subsection.7.7.3}% 142
\BOOKMARK [3][-]{subsubsection.7.7.3.7}{\376\377\000o\000n\000\137\000a\000c\000t\000i\000o\000n\000H\000e\000l\000p\000\137\000t\000r\000i\000g\000g\000e\000r\000e\000d}{subsection.7.7.3}% 143
\BOOKMARK [3][-]{subsubsection.7.7.3.8}{\376\377\000o\000n\000\137\000f\000i\000l\000e\000B\000u\000t\000t\000o\000n\000\137\000c\000l\000i\000c\000k\000e\000d}{subsection.7.7.3}% 144
\BOOKMARK [3][-]{subsubsection.7.7.3.9}{\376\377\000o\000n\000\137\000s\000t\000a\000r\000t\000B\000u\000t\000t\000o\000n\000\137\000c\000l\000i\000c\000k\000e\000d}{subsection.7.7.3}% 145
\BOOKMARK [2][-]{subsection.7.7.4}{\376\377\000E\000n\000c\000r\000y\000p\000t\000i\000n\000g}{section.7.7}% 146
\BOOKMARK [2][-]{subsection.7.7.5}{\376\377\000D\000e\000c\000r\000y\000p\000t\000i\000n\000g}{section.7.7}% 147
\BOOKMARK [3][-]{subsubsection.7.7.5.1}{\376\377\000r\000e\000q\000u\000e\000s\000t\000K\000e\000y}{subsection.7.7.5}% 148
\BOOKMARK [3][-]{subsubsection.7.7.5.2}{\376\377\000r\000u\000n\000T\000e\000s\000t\000s}{subsection.7.7.5}% 149
\BOOKMARK [3][-]{subsubsection.7.7.5.3}{\376\377\000s\000a\000v\000e\000D\000a\000t\000a}{subsection.7.7.5}% 150
\BOOKMARK [3][-]{subsubsection.7.7.5.4}{\376\377\000s\000a\000v\000e\000I\000m\000a\000g\000e}{subsection.7.7.5}% 151
\BOOKMARK [3][-]{subsubsection.7.7.5.5}{\376\377\000s\000e\000t\000E\000n\000c\000r\000y\000p\000t\000M\000o\000d\000e}{subsection.7.7.5}% 152
\BOOKMARK [3][-]{subsubsection.7.7.5.6}{\376\377\000s\000e\000t\000J\000P\000H\000S\000D\000i\000r}{subsection.7.7.5}% 153
\BOOKMARK [3][-]{subsubsection.7.7.5.7}{\376\377\000s\000e\000t\000P\000r\000o\000g\000r\000e\000s\000s}{subsection.7.7.5}% 154
\BOOKMARK [3][-]{subsubsection.7.7.5.8}{\376\377\000s\000e\000t\000V\000e\000r\000s\000i\000o\000n}{subsection.7.7.5}% 155
\BOOKMARK [2][-]{subsection.7.7.6}{\376\377\000M\000e\000m\000b\000e\000r\000\040\000D\000a\000t\000a\000\040\000D\000o\000c\000u\000m\000e\000n\000t\000a\000t\000i\000o\000n}{section.7.7}% 156
\BOOKMARK [3][-]{subsubsection.7.7.6.1}{\376\377\000d\000i\000a\000l\000o\000g}{subsection.7.7.6}% 157
\BOOKMARK [3][-]{subsubsection.7.7.6.2}{\376\377\000e\000r\000r\000o\000r\000s\000D\000i\000c\000t}{subsection.7.7.6}% 158
\BOOKMARK [3][-]{subsubsection.7.7.6.3}{\376\377\000p\000r\000o\000g\000r\000e\000s\000s\000D\000i\000a\000l\000o\000g\000C\000l\000o\000s\000e\000d}{subsection.7.7.6}% 159
\BOOKMARK [0][-]{chapter.8}{\376\377\000F\000i\000l\000e\000\040\000D\000o\000c\000u\000m\000e\000n\000t\000a\000t\000i\000o\000n}{}% 160
\BOOKMARK [1][-]{section.8.1}{\376\377\000a\000b\000o\000u\000t\000p\000c\000.\000c\000p\000p\000\040\000F\000i\000l\000e\000\040\000R\000e\000f\000e\000r\000e\000n\000c\000e}{chapter.8}% 161
\BOOKMARK [1][-]{section.8.2}{\376\377\000a\000b\000o\000u\000t\000p\000c\000.\000c\000p\000p}{chapter.8}% 162
\BOOKMARK [1][-]{section.8.3}{\376\377\000a\000b\000o\000u\000t\000p\000c\000.\000h\000\040\000F\000i\000l\000e\000\040\000R\000e\000f\000e\000r\000e\000n\000c\000e}{chapter.8}% 163
\BOOKMARK [1][-]{section.8.4}{\376\377\000a\000b\000o\000u\000t\000p\000c\000.\000h}{chapter.8}% 164
\BOOKMARK [1][-]{section.8.5}{\376\377\000c\000o\000n\000t\000r\000o\000l\000l\000e\000r\000p\000c\000.\000c\000p\000p\000\040\000F\000i\000l\000e\000\040\000R\000e\000f\000e\000r\000e\000n\000c\000e}{chapter.8}% 165
\BOOKMARK [1][-]{section.8.6}{\376\377\000c\000o\000n\000t\000r\000o\000l\000l\000e\000r\000p\000c\000.\000c\000p\000p}{chapter.8}% 166
\BOOKMARK [1][-]{section.8.7}{\376\377\000c\000o\000n\000t\000r\000o\000l\000l\000e\000r\000p\000c\000.\000h\000\040\000F\000i\000l\000e\000\040\000R\000e\000f\000e\000r\000e\000n\000c\000e}{chapter.8}% 167
\BOOKMARK [2][-]{subsection.8.7.1}{\376\377\000D\000e\000t\000a\000i\000l\000e\000d\000\040\000D\000e\000s\000c\000r\000i\000p\000t\000i\000o\000n}{section.8.7}% 168
\BOOKMARK [1][-]{section.8.8}{\376\377\000c\000o\000n\000t\000r\000o\000l\000l\000e\000r\000p\000c\000.\000h}{chapter.8}% 169
\BOOKMARK [1][-]{section.8.9}{\376\377\000e\000n\000c\000r\000y\000p\000t\000d\000i\000a\000l\000o\000g\000.\000c\000p\000p\000\040\000F\000i\000l\000e\000\040\000R\000e\000f\000e\000r\000e\000n\000c\000e}{chapter.8}% 170
\BOOKMARK [1][-]{section.8.10}{\376\377\000e\000n\000c\000r\000y\000p\000t\000d\000i\000a\000l\000o\000g\000.\000c\000p\000p}{chapter.8}% 171
\BOOKMARK [1][-]{section.8.11}{\376\377\000e\000n\000c\000r\000y\000p\000t\000d\000i\000a\000l\000o\000g\000.\000h\000\040\000F\000i\000l\000e\000\040\000R\000e\000f\000e\000r\000e\000n\000c\000e}{chapter.8}% 172
\BOOKMARK [1][-]{section.8.12}{\376\377\000e\000n\000c\000r\000y\000p\000t\000d\000i\000a\000l\000o\000g\000.\000h}{chapter.8}% 173
\BOOKMARK [1][-]{section.8.13}{\376\377\000E\000r\000r\000o\000r\000s\000D\000i\000c\000t\000.\000j\000s\000o\000n\000\040\000F\000i\000l\000e\000\040\000R\000e\000f\000e\000r\000e\000n\000c\000e}{chapter.8}% 174
\BOOKMARK [1][-]{section.8.14}{\376\377\000E\000r\000r\000o\000r\000s\000D\000i\000c\000t\000.\000j\000s\000o\000n}{chapter.8}% 175
\BOOKMARK [1][-]{section.8.15}{\376\377\000E\000r\000r\000o\000r\000s\000D\000i\000c\000t\000S\000e\000t\000u\000p\000.\000p\000y\000\040\000F\000i\000l\000e\000\040\000R\000e\000f\000e\000r\000e\000n\000c\000e}{chapter.8}% 176
\BOOKMARK [1][-]{section.8.16}{\376\377\000E\000r\000r\000o\000r\000s\000D\000i\000c\000t\000S\000e\000t\000u\000p\000.\000p\000y}{chapter.8}% 177
\BOOKMARK [1][-]{section.8.17}{\376\377\000m\000a\000i\000n\000.\000c\000p\000p\000\040\000F\000i\000l\000e\000\040\000R\000e\000f\000e\000r\000e\000n\000c\000e}{chapter.8}% 178
\BOOKMARK [2][-]{subsection.8.17.1}{\376\377\000F\000u\000n\000c\000t\000i\000o\000n\000\040\000D\000o\000c\000u\000m\000e\000n\000t\000a\000t\000i\000o\000n}{section.8.17}% 179
\BOOKMARK [3][-]{subsubsection.8.17.1.1}{\376\377\000m\000a\000i\000n}{subsection.8.17.1}% 180
\BOOKMARK [1][-]{section.8.18}{\376\377\000m\000a\000i\000n\000.\000c\000p\000p}{chapter.8}% 181
\BOOKMARK [1][-]{section.8.19}{\376\377\000m\000o\000d\000e\000l\000p\000c\000.\000c\000p\000p\000\040\000F\000i\000l\000e\000\040\000R\000e\000f\000e\000r\000e\000n\000c\000e}{chapter.8}% 182
\BOOKMARK [1][-]{section.8.20}{\376\377\000m\000o\000d\000e\000l\000p\000c\000.\000c\000p\000p}{chapter.8}% 183
\BOOKMARK [1][-]{section.8.21}{\376\377\000m\000o\000d\000e\000l\000p\000c\000.\000h\000\040\000F\000i\000l\000e\000\040\000R\000e\000f\000e\000r\000e\000n\000c\000e}{chapter.8}% 184
\BOOKMARK [2][-]{subsection.8.21.1}{\376\377\000D\000e\000t\000a\000i\000l\000e\000d\000\040\000D\000e\000s\000c\000r\000i\000p\000t\000i\000o\000n}{section.8.21}% 185
\BOOKMARK [1][-]{section.8.22}{\376\377\000m\000o\000d\000e\000l\000p\000c\000.\000h}{chapter.8}% 186
\BOOKMARK [1][-]{section.8.23}{\376\377\000q\000a\000e\000s\000e\000n\000c\000r\000y\000p\000t\000i\000o\000n\000.\000c\000p\000p\000\040\000F\000i\000l\000e\000\040\000R\000e\000f\000e\000r\000e\000n\000c\000e}{chapter.8}% 187
\BOOKMARK [2][-]{subsection.8.23.1}{\376\377\000F\000u\000n\000c\000t\000i\000o\000n\000\040\000D\000o\000c\000u\000m\000e\000n\000t\000a\000t\000i\000o\000n}{section.8.23}% 188
\BOOKMARK [3][-]{subsubsection.8.23.1.1}{\376\377\000m\000u\000l\000t\000i\000p\000l\000y}{subsection.8.23.1}% 189
\BOOKMARK [3][-]{subsubsection.8.23.1.2}{\376\377\000x\000T\000i\000m\000e}{subsection.8.23.1}% 190
\BOOKMARK [1][-]{section.8.24}{\376\377\000q\000a\000e\000s\000e\000n\000c\000r\000y\000p\000t\000i\000o\000n\000.\000c\000p\000p}{chapter.8}% 191
\BOOKMARK [1][-]{section.8.25}{\376\377\000q\000a\000e\000s\000e\000n\000c\000r\000y\000p\000t\000i\000o\000n\000.\000h\000\040\000F\000i\000l\000e\000\040\000R\000e\000f\000e\000r\000e\000n\000c\000e}{chapter.8}% 192
\BOOKMARK [1][-]{section.8.26}{\376\377\000q\000a\000e\000s\000e\000n\000c\000r\000y\000p\000t\000i\000o\000n\000.\000h}{chapter.8}% 193
\BOOKMARK [1][-]{section.8.27}{\376\377\000t\000e\000s\000t\000p\000c\000.\000c\000p\000p\000\040\000F\000i\000l\000e\000\040\000R\000e\000f\000e\000r\000e\000n\000c\000e}{chapter.8}% 194
\BOOKMARK [1][-]{section.8.28}{\376\377\000t\000e\000s\000t\000p\000c\000.\000c\000p\000p}{chapter.8}% 195
\BOOKMARK [1][-]{section.8.29}{\376\377\000t\000e\000s\000t\000p\000c\000.\000h\000\040\000F\000i\000l\000e\000\040\000R\000e\000f\000e\000r\000e\000n\000c\000e}{chapter.8}% 196
\BOOKMARK [1][-]{section.8.30}{\376\377\000t\000e\000s\000t\000p\000c\000.\000h}{chapter.8}% 197
\BOOKMARK [1][-]{section.8.31}{\376\377\000t\000e\000s\000t\000s\000-\000s\000e\000t\000u\000p\000.\000p\000y\000\040\000F\000i\000l\000e\000\040\000R\000e\000f\000e\000r\000e\000n\000c\000e}{chapter.8}% 198
\BOOKMARK [1][-]{section.8.32}{\376\377\000t\000e\000s\000t\000s\000-\000s\000e\000t\000u\000p\000.\000p\000y}{chapter.8}% 199
\BOOKMARK [1][-]{section.8.33}{\376\377\000t\000e\000s\000t\000s\000.\000j\000s\000o\000n\000\040\000F\000i\000l\000e\000\040\000R\000e\000f\000e\000r\000e\000n\000c\000e}{chapter.8}% 200
\BOOKMARK [1][-]{section.8.34}{\376\377\000t\000e\000s\000t\000s\000.\000j\000s\000o\000n}{chapter.8}% 201
\BOOKMARK [1][-]{section.8.35}{\376\377\000v\000i\000e\000w\000p\000c\000.\000c\000p\000p\000\040\000F\000i\000l\000e\000\040\000R\000e\000f\000e\000r\000e\000n\000c\000e}{chapter.8}% 202
\BOOKMARK [1][-]{section.8.36}{\376\377\000v\000i\000e\000w\000p\000c\000.\000c\000p\000p}{chapter.8}% 203
\BOOKMARK [1][-]{section.8.37}{\376\377\000v\000i\000e\000w\000p\000c\000.\000h\000\040\000F\000i\000l\000e\000\040\000R\000e\000f\000e\000r\000e\000n\000c\000e}{chapter.8}% 204
\BOOKMARK [2][-]{subsection.8.37.1}{\376\377\000D\000e\000t\000a\000i\000l\000e\000d\000\040\000D\000e\000s\000c\000r\000i\000p\000t\000i\000o\000n}{section.8.37}% 205
\BOOKMARK [1][-]{section.8.38}{\376\377\000v\000i\000e\000w\000p\000c\000.\000h}{chapter.8}% 206
\BOOKMARK [0][-]{section*.46}{\376\377\000I\000n\000d\000e\000x}{}% 207
