\BOOKMARK [0][-]{chapter.1}{\376\377\0001\000\040\000P\000i\000c\000t\000u\000r\000e\000C\000r\000y\000p\000t}{}% 1
\BOOKMARK [1][-]{section.1.1}{\376\377\0001\000.\0001\000\040\000T\000h\000e\000\040\000i\000d\000e\000a\000\040\000o\000f\000\040\000t\000h\000e\000\040\000p\000r\000o\000j\000e\000c\000t}{chapter.1}% 2
\BOOKMARK [1][-]{section.1.2}{\376\377\0001\000.\0002\000\040\000R\000e\000a\000l\000i\000s\000a\000t\000i\000o\000n}{chapter.1}% 3
\BOOKMARK [1][-]{section.1.3}{\376\377\0001\000.\0003\000\040\000H\000o\000w\000\040\000c\000a\000n\000\040\000s\000o\000m\000e\000o\000n\000e\000\040\000u\000s\000e\000\040\000i\000t\000?}{chapter.1}% 4
\BOOKMARK [1][-]{section.1.4}{\376\377\0001\000.\0004\000\040\000S\000t\000r\000u\000c\000t\000u\000r\000e\000\040\000o\000f\000\040\000t\000h\000e\000\040\000p\000r\000o\000j\000e\000c\000t\000.}{chapter.1}% 5
\BOOKMARK [1][-]{section.1.5}{\376\377\0001\000.\0005\000\040\000E\000x\000t\000e\000r\000n\000a\000l\000\040\000u\000s\000e}{chapter.1}% 6
\BOOKMARK [1][-]{section.1.6}{\376\377\0001\000.\0006\000\040\000J\000P\000H\000S\000\040\000u\000s\000e}{chapter.1}% 7
\BOOKMARK [1][-]{section.1.7}{\376\377\0001\000.\0007\000\040\000L\000i\000c\000e\000n\000s\000e}{chapter.1}% 8
\BOOKMARK [1][-]{section.1.8}{\376\377\0001\000.\0008\000\040\000C\000o\000n\000t\000a\000c\000t\000\040\000u\000s}{chapter.1}% 9
\BOOKMARK [0][-]{chapter.2}{\376\377\0002\000\040\000C\000o\000n\000t\000r\000i\000b\000u\000t\000o\000r\000\040\000C\000o\000v\000e\000n\000a\000n\000t\000\040\000C\000o\000d\000e\000\040\000o\000f\000\040\000C\000o\000n\000d\000u\000c\000t}{}% 10
\BOOKMARK [0][-]{chapter.3}{\376\377\0003\000\040\000P\000i\000c\000t\000u\000r\000e\000C\000r\000y\000p\000t}{}% 11
\BOOKMARK [0][-]{chapter.4}{\376\377\0004\000\040\000N\000a\000m\000e\000s\000p\000a\000c\000e\000\040\000I\000n\000d\000e\000x}{}% 12
\BOOKMARK [1][-]{section.4.1}{\376\377\0004\000.\0001\000\040\000N\000a\000m\000e\000s\000p\000a\000c\000e\000\040\000L\000i\000s\000t}{chapter.4}% 13
\BOOKMARK [0][-]{chapter.5}{\376\377\0005\000\040\000H\000i\000e\000r\000a\000r\000c\000h\000i\000c\000a\000l\000\040\000I\000n\000d\000e\000x}{}% 14
\BOOKMARK [1][-]{section.5.1}{\376\377\0005\000.\0001\000\040\000C\000l\000a\000s\000s\000\040\000H\000i\000e\000r\000a\000r\000c\000h\000y}{chapter.5}% 15
\BOOKMARK [0][-]{chapter.6}{\376\377\0006\000\040\000C\000l\000a\000s\000s\000\040\000I\000n\000d\000e\000x}{}% 16
\BOOKMARK [1][-]{section.6.1}{\376\377\0006\000.\0001\000\040\000C\000l\000a\000s\000s\000\040\000L\000i\000s\000t}{chapter.6}% 17
\BOOKMARK [0][-]{chapter.7}{\376\377\0007\000\040\000F\000i\000l\000e\000\040\000I\000n\000d\000e\000x}{}% 18
\BOOKMARK [1][-]{section.7.1}{\376\377\0007\000.\0001\000\040\000F\000i\000l\000e\000\040\000L\000i\000s\000t}{chapter.7}% 19
\BOOKMARK [0][-]{chapter.8}{\376\377\0008\000\040\000N\000a\000m\000e\000s\000p\000a\000c\000e\000\040\000D\000o\000c\000u\000m\000e\000n\000t\000a\000t\000i\000o\000n}{}% 20
\BOOKMARK [1][-]{section.8.1}{\376\377\0008\000.\0001\000\040\000E\000r\000r\000o\000r\000s\000D\000i\000c\000t\000S\000e\000t\000u\000p\000\040\000N\000a\000m\000e\000s\000p\000a\000c\000e\000\040\000R\000e\000f\000e\000r\000e\000n\000c\000e}{chapter.8}% 21
\BOOKMARK [2][-]{subsection.8.1.1}{\376\377\0008\000.\0001\000.\0001\000\040\000V\000a\000r\000i\000a\000b\000l\000e\000\040\000D\000o\000c\000u\000m\000e\000n\000t\000a\000t\000i\000o\000n}{section.8.1}% 22
\BOOKMARK [3][-]{subsubsection.8.1.1.1}{\376\377\0008\000.\0001\000.\0001\000.\0001\000\040\000d\000a\000t\000a}{subsection.8.1.1}% 23
\BOOKMARK [3][-]{subsubsection.8.1.1.2}{\376\377\0008\000.\0001\000.\0001\000.\0002\000\040\000f}{subsection.8.1.1}% 24
\BOOKMARK [3][-]{subsubsection.8.1.1.3}{\376\377\0008\000.\0001\000.\0001\000.\0003\000\040\000f\000i\000l\000e\000n\000a\000m\000e}{subsection.8.1.1}% 25
\BOOKMARK [3][-]{subsubsection.8.1.1.4}{\376\377\0008\000.\0001\000.\0001\000.\0004\000\040\000i\000n\000d\000e\000n\000t}{subsection.8.1.1}% 26
\BOOKMARK [3][-]{subsubsection.8.1.1.5}{\376\377\0008\000.\0001\000.\0001\000.\0005\000\040\000i\000n\000p\000u\000t\000\137\000d\000a\000t\000a}{subsection.8.1.1}% 27
\BOOKMARK [3][-]{subsubsection.8.1.1.6}{\376\377\0008\000.\0001\000.\0001\000.\0006\000\040\000k\000e\000y}{subsection.8.1.1}% 28
\BOOKMARK [3][-]{subsubsection.8.1.1.7}{\376\377\0008\000.\0001\000.\0001\000.\0007\000\040\000r\000a\000w}{subsection.8.1.1}% 29
\BOOKMARK [3][-]{subsubsection.8.1.1.8}{\376\377\0008\000.\0001\000.\0001\000.\0008\000\040\000v\000a\000l\000u\000e}{subsection.8.1.1}% 30
\BOOKMARK [1][-]{section.8.2}{\376\377\0008\000.\0002\000\040\000t\000e\000s\000t\000s\000-\000s\000e\000t\000u\000p\000\040\000N\000a\000m\000e\000s\000p\000a\000c\000e\000\040\000R\000e\000f\000e\000r\000e\000n\000c\000e}{chapter.8}% 31
\BOOKMARK [2][-]{subsection.8.2.1}{\376\377\0008\000.\0002\000.\0001\000\040\000V\000a\000r\000i\000a\000b\000l\000e\000\040\000D\000o\000c\000u\000m\000e\000n\000t\000a\000t\000i\000o\000n}{section.8.2}% 32
\BOOKMARK [3][-]{subsubsection.8.2.1.1}{\376\377\0008\000.\0002\000.\0001\000.\0001\000\040\000a\000r\000r}{subsection.8.2.1}% 33
\BOOKMARK [3][-]{subsubsection.8.2.1.2}{\376\377\0008\000.\0002\000.\0001\000.\0002\000\040\000b\000i\000t\000s\000U\000s\000e\000d}{subsection.8.2.1}% 34
\BOOKMARK [3][-]{subsubsection.8.2.1.3}{\376\377\0008\000.\0002\000.\0001\000.\0003\000\040\000d\000a\000t\000a}{subsection.8.2.1}% 35
\BOOKMARK [3][-]{subsubsection.8.2.1.4}{\376\377\0008\000.\0002\000.\0001\000.\0004\000\040\000e\000x\000p\000e\000c\000t}{subsection.8.2.1}% 36
\BOOKMARK [3][-]{subsubsection.8.2.1.5}{\376\377\0008\000.\0002\000.\0001\000.\0005\000\040\000f}{subsection.8.2.1}% 37
\BOOKMARK [3][-]{subsubsection.8.2.1.6}{\376\377\0008\000.\0002\000.\0001\000.\0006\000\040\000f\000i\000l\000e\000n\000a\000m\000e}{subsection.8.2.1}% 38
\BOOKMARK [3][-]{subsubsection.8.2.1.7}{\376\377\0008\000.\0002\000.\0001\000.\0007\000\040\000i\000m\000a\000g\000e}{subsection.8.2.1}% 39
\BOOKMARK [3][-]{subsubsection.8.2.1.8}{\376\377\0008\000.\0002\000.\0001\000.\0008\000\040\000i\000n\000d\000e\000n\000t}{subsection.8.2.1}% 40
\BOOKMARK [3][-]{subsubsection.8.2.1.9}{\376\377\0008\000.\0002\000.\0001\000.\0009\000\040\000i\000n\000p\000u\000t\000\137\000d\000a\000t\000a}{subsection.8.2.1}% 41
\BOOKMARK [3][-]{subsubsection.8.2.1.10}{\376\377\0008\000.\0002\000.\0001\000.\0001\0000\000\040\000j\000s}{subsection.8.2.1}% 42
\BOOKMARK [3][-]{subsubsection.8.2.1.11}{\376\377\0008\000.\0002\000.\0001\000.\0001\0001\000\040\000k\000e\000y}{subsection.8.2.1}% 43
\BOOKMARK [3][-]{subsubsection.8.2.1.12}{\376\377\0008\000.\0002\000.\0001\000.\0001\0002\000\040\000m\000o\000d\000e}{subsection.8.2.1}% 44
\BOOKMARK [3][-]{subsubsection.8.2.1.13}{\376\377\0008\000.\0002\000.\0001\000.\0001\0003\000\040\000o\000b\000j}{subsection.8.2.1}% 45
\BOOKMARK [3][-]{subsubsection.8.2.1.14}{\376\377\0008\000.\0002\000.\0001\000.\0001\0004\000\040\000r\000a\000w}{subsection.8.2.1}% 46
\BOOKMARK [3][-]{subsubsection.8.2.1.15}{\376\377\0008\000.\0002\000.\0001\000.\0001\0005\000\040\000s\000e\000p}{subsection.8.2.1}% 47
\BOOKMARK [1][-]{section.8.3}{\376\377\0008\000.\0003\000\040\000U\000i\000\040\000N\000a\000m\000e\000s\000p\000a\000c\000e\000\040\000R\000e\000f\000e\000r\000e\000n\000c\000e}{chapter.8}% 48
\BOOKMARK [0][-]{chapter.9}{\376\377\0009\000\040\000C\000l\000a\000s\000s\000\040\000D\000o\000c\000u\000m\000e\000n\000t\000a\000t\000i\000o\000n}{}% 49
\BOOKMARK [1][-]{section.9.1}{\376\377\0009\000.\0001\000\040\000A\000b\000o\000u\000t\000P\000C\000\040\000C\000l\000a\000s\000s\000\040\000R\000e\000f\000e\000r\000e\000n\000c\000e}{chapter.9}% 50
\BOOKMARK [2][-]{subsection.9.1.1}{\376\377\0009\000.\0001\000.\0001\000\040\000D\000e\000t\000a\000i\000l\000e\000d\000\040\000D\000e\000s\000c\000r\000i\000p\000t\000i\000o\000n}{section.9.1}% 51
\BOOKMARK [2][-]{subsection.9.1.2}{\376\377\0009\000.\0001\000.\0002\000\040\000C\000o\000n\000s\000t\000r\000u\000c\000t\000o\000r\000\040\000\046\000\040\000D\000e\000s\000t\000r\000u\000c\000t\000o\000r\000\040\000D\000o\000c\000u\000m\000e\000n\000t\000a\000t\000i\000o\000n}{section.9.1}% 52
\BOOKMARK [3][-]{subsubsection.9.1.2.1}{\376\377\0009\000.\0001\000.\0002\000.\0001\000\040\000A\000b\000o\000u\000t\000P\000C\000\050\000\051}{subsection.9.1.2}% 53
\BOOKMARK [3][-]{subsubsection.9.1.2.2}{\376\377\0009\000.\0001\000.\0002\000.\0002\000\040\000\040\000A\000b\000o\000u\000t\000P\000C\000\050\000\051}{subsection.9.1.2}% 54
\BOOKMARK [2][-]{subsection.9.1.3}{\376\377\0009\000.\0001\000.\0003\000\040\000M\000e\000m\000b\000e\000r\000\040\000F\000u\000n\000c\000t\000i\000o\000n\000\040\000D\000o\000c\000u\000m\000e\000n\000t\000a\000t\000i\000o\000n}{section.9.1}% 55
\BOOKMARK [3][-]{subsubsection.9.1.3.1}{\376\377\0009\000.\0001\000.\0003\000.\0001\000\040\000s\000e\000t\000V\000e\000r\000s\000i\000o\000n\000\050\000\051}{subsection.9.1.3}% 56
\BOOKMARK [1][-]{section.9.2}{\376\377\0009\000.\0002\000\040\000C\000o\000n\000t\000r\000o\000l\000l\000e\000r\000P\000C\000\040\000C\000l\000a\000s\000s\000\040\000R\000e\000f\000e\000r\000e\000n\000c\000e}{chapter.9}% 57
\BOOKMARK [2][-]{subsection.9.2.1}{\376\377\0009\000.\0002\000.\0001\000\040\000D\000e\000t\000a\000i\000l\000e\000d\000\040\000D\000e\000s\000c\000r\000i\000p\000t\000i\000o\000n}{section.9.2}% 58
\BOOKMARK [2][-]{subsection.9.2.2}{\376\377\0009\000.\0002\000.\0002\000\040\000C\000o\000n\000s\000t\000r\000u\000c\000t\000o\000r\000\040\000\046\000\040\000D\000e\000s\000t\000r\000u\000c\000t\000o\000r\000\040\000D\000o\000c\000u\000m\000e\000n\000t\000a\000t\000i\000o\000n}{section.9.2}% 59
\BOOKMARK [3][-]{subsubsection.9.2.2.1}{\376\377\0009\000.\0002\000.\0002\000.\0001\000\040\000C\000o\000n\000t\000r\000o\000l\000l\000e\000r\000P\000C\000\050\000\051}{subsection.9.2.2}% 60
\BOOKMARK [2][-]{subsection.9.2.3}{\376\377\0009\000.\0002\000.\0003\000\040\000M\000e\000m\000b\000e\000r\000\040\000F\000u\000n\000c\000t\000i\000o\000n\000\040\000D\000o\000c\000u\000m\000e\000n\000t\000a\000t\000i\000o\000n}{section.9.2}% 61
\BOOKMARK [3][-]{subsubsection.9.2.3.1}{\376\377\0009\000.\0002\000.\0003\000.\0001\000\040\000a\000b\000o\000r\000t\000C\000i\000r\000c\000u\000i\000t}{subsection.9.2.3}% 62
\BOOKMARK [3][-]{subsubsection.9.2.3.2}{\376\377\0009\000.\0002\000.\0003\000.\0002\000\040\000s\000e\000t\000B\000i\000t\000s\000U\000s\000e\000d}{subsection.9.2.3}% 63
\BOOKMARK [3][-]{subsubsection.9.2.3.3}{\376\377\0009\000.\0002\000.\0003\000.\0003\000\040\000s\000e\000t\000J\000P\000H\000S\000D\000i\000r}{subsection.9.2.3}% 64
\BOOKMARK [2][-]{subsection.9.2.4}{\376\377\0009\000.\0002\000.\0004\000\040\000M\000e\000m\000b\000e\000r\000\040\000D\000a\000t\000a\000\040\000D\000o\000c\000u\000m\000e\000n\000t\000a\000t\000i\000o\000n}{section.9.2}% 65
\BOOKMARK [3][-]{subsubsection.9.2.4.1}{\376\377\0009\000.\0002\000.\0004\000.\0001\000\040\000v\000e\000r\000s\000i\000o\000n}{subsection.9.2.4}% 66
\BOOKMARK [3][-]{subsubsection.9.2.4.2}{\376\377\0009\000.\0002\000.\0004\000.\0002\000\040\000v\000e\000r\000s\000i\000o\000n\000S\000t\000r\000i\000n\000g}{subsection.9.2.4}% 67
\BOOKMARK [1][-]{section.9.3}{\376\377\0009\000.\0003\000\040\000E\000n\000c\000r\000y\000p\000t\000D\000i\000a\000l\000o\000g\000\040\000C\000l\000a\000s\000s\000\040\000R\000e\000f\000e\000r\000e\000n\000c\000e}{chapter.9}% 68
\BOOKMARK [2][-]{subsection.9.3.1}{\376\377\0009\000.\0003\000.\0001\000\040\000D\000e\000t\000a\000i\000l\000e\000d\000\040\000D\000e\000s\000c\000r\000i\000p\000t\000i\000o\000n}{section.9.3}% 69
\BOOKMARK [2][-]{subsection.9.3.2}{\376\377\0009\000.\0003\000.\0002\000\040\000C\000o\000n\000s\000t\000r\000u\000c\000t\000o\000r\000\040\000\046\000\040\000D\000e\000s\000t\000r\000u\000c\000t\000o\000r\000\040\000D\000o\000c\000u\000m\000e\000n\000t\000a\000t\000i\000o\000n}{section.9.3}% 70
\BOOKMARK [3][-]{subsubsection.9.3.2.1}{\376\377\0009\000.\0003\000.\0002\000.\0001\000\040\000E\000n\000c\000r\000y\000p\000t\000D\000i\000a\000l\000o\000g\000\050\000\051}{subsection.9.3.2}% 71
\BOOKMARK [3][-]{subsubsection.9.3.2.2}{\376\377\0009\000.\0003\000.\0002\000.\0002\000\040\000\040\000E\000n\000c\000r\000y\000p\000t\000D\000i\000a\000l\000o\000g\000\050\000\051}{subsection.9.3.2}% 72
\BOOKMARK [2][-]{subsection.9.3.3}{\376\377\0009\000.\0003\000.\0003\000\040\000M\000e\000m\000b\000e\000r\000\040\000F\000u\000n\000c\000t\000i\000o\000n\000\040\000D\000o\000c\000u\000m\000e\000n\000t\000a\000t\000i\000o\000n}{section.9.3}% 73
\BOOKMARK [3][-]{subsubsection.9.3.3.1}{\376\377\0009\000.\0003\000.\0003\000.\0001\000\040\000o\000n\000\137\000b\000u\000t\000t\000o\000n\000B\000o\000x\000\137\000a\000c\000c\000e\000p\000t\000e\000d}{subsection.9.3.3}% 74
\BOOKMARK [3][-]{subsubsection.9.3.3.2}{\376\377\0009\000.\0003\000.\0003\000.\0002\000\040\000o\000n\000\137\000b\000u\000t\000t\000o\000n\000B\000o\000x\000\137\000r\000e\000j\000e\000c\000t\000e\000d}{subsection.9.3.3}% 75
\BOOKMARK [3][-]{subsubsection.9.3.3.3}{\376\377\0009\000.\0003\000.\0003\000.\0003\000\040\000o\000n\000\137\000f\000i\000l\000e\000B\000u\000t\000t\000o\000n\000\137\000c\000l\000i\000c\000k\000e\000d}{subsection.9.3.3}% 76
\BOOKMARK [3][-]{subsubsection.9.3.3.4}{\376\377\0009\000.\0003\000.\0003\000.\0004\000\040\000o\000n\000\137\000h\000o\000r\000i\000z\000o\000n\000t\000a\000l\000S\000l\000i\000d\000e\000r\000\137\000v\000a\000l\000u\000e\000C\000h\000a\000n\000g\000e\000d}{subsection.9.3.3}% 77
\BOOKMARK [3][-]{subsubsection.9.3.3.5}{\376\377\0009\000.\0003\000.\0003\000.\0005\000\040\000z\000i\000p\000\050\000\051}{subsection.9.3.3}% 78
\BOOKMARK [2][-]{subsection.9.3.4}{\376\377\0009\000.\0003\000.\0004\000\040\000M\000e\000m\000b\000e\000r\000\040\000D\000a\000t\000a\000\040\000D\000o\000c\000u\000m\000e\000n\000t\000a\000t\000i\000o\000n}{section.9.3}% 79
\BOOKMARK [3][-]{subsubsection.9.3.4.1}{\376\377\0009\000.\0003\000.\0004\000.\0001\000\040\000b\000i\000t\000s\000U\000s\000e\000d}{subsection.9.3.4}% 80
\BOOKMARK [3][-]{subsubsection.9.3.4.2}{\376\377\0009\000.\0003\000.\0004\000.\0002\000\040\000c\000o\000m\000p\000r\000\137\000d\000a\000t\000a}{subsection.9.3.4}% 81
\BOOKMARK [3][-]{subsubsection.9.3.4.3}{\376\377\0009\000.\0003\000.\0004\000.\0003\000\040\000d\000a\000t\000a}{subsection.9.3.4}% 82
\BOOKMARK [3][-]{subsubsection.9.3.4.4}{\376\377\0009\000.\0003\000.\0004\000.\0004\000\040\000g\000o\000o\000d\000P\000e\000r\000c\000e\000n\000t\000a\000g\000e}{subsection.9.3.4}% 83
\BOOKMARK [3][-]{subsubsection.9.3.4.5}{\376\377\0009\000.\0003\000.\0004\000.\0005\000\040\000i\000m\000a\000g\000e}{subsection.9.3.4}% 84
\BOOKMARK [3][-]{subsubsection.9.3.4.6}{\376\377\0009\000.\0003\000.\0004\000.\0006\000\040\000i\000n\000p\000u\000t\000F\000i\000l\000e\000N\000a\000m\000e}{subsection.9.3.4}% 85
\BOOKMARK [3][-]{subsubsection.9.3.4.7}{\376\377\0009\000.\0003\000.\0004\000.\0007\000\040\000k\000e\000y}{subsection.9.3.4}% 86
\BOOKMARK [3][-]{subsubsection.9.3.4.8}{\376\377\0009\000.\0003\000.\0004\000.\0008\000\040\000s\000i\000z\000e}{subsection.9.3.4}% 87
\BOOKMARK [3][-]{subsubsection.9.3.4.9}{\376\377\0009\000.\0003\000.\0004\000.\0009\000\040\000s\000u\000c\000c\000e\000s\000s}{subsection.9.3.4}% 88
\BOOKMARK [3][-]{subsubsection.9.3.4.10}{\376\377\0009\000.\0003\000.\0004\000.\0001\0000\000\040\000v\000a\000l}{subsection.9.3.4}% 89
\BOOKMARK [1][-]{section.9.4}{\376\377\0009\000.\0004\000\040\000M\000o\000d\000e\000l\000P\000C\000\040\000C\000l\000a\000s\000s\000\040\000R\000e\000f\000e\000r\000e\000n\000c\000e}{chapter.9}% 90
\BOOKMARK [2][-]{subsection.9.4.1}{\376\377\0009\000.\0004\000.\0001\000\040\000D\000e\000t\000a\000i\000l\000e\000d\000\040\000D\000e\000s\000c\000r\000i\000p\000t\000i\000o\000n}{section.9.4}% 91
\BOOKMARK [2][-]{subsection.9.4.2}{\376\377\0009\000.\0004\000.\0002\000\040\000C\000o\000n\000s\000t\000r\000u\000c\000t\000o\000r\000\040\000\046\000\040\000D\000e\000s\000t\000r\000u\000c\000t\000o\000r\000\040\000D\000o\000c\000u\000m\000e\000n\000t\000a\000t\000i\000o\000n}{section.9.4}% 92
\BOOKMARK [3][-]{subsubsection.9.4.2.1}{\376\377\0009\000.\0004\000.\0002\000.\0001\000\040\000M\000o\000d\000e\000l\000P\000C\000\050\000\051}{subsection.9.4.2}% 93
\BOOKMARK [2][-]{subsection.9.4.3}{\376\377\0009\000.\0004\000.\0003\000\040\000M\000e\000m\000b\000e\000r\000\040\000F\000u\000n\000c\000t\000i\000o\000n\000\040\000D\000o\000c\000u\000m\000e\000n\000t\000a\000t\000i\000o\000n}{section.9.4}% 94
\BOOKMARK [3][-]{subsubsection.9.4.3.1}{\376\377\0009\000.\0004\000.\0003\000.\0001\000\040\000a\000l\000e\000r\000t\000\050\000\051}{subsection.9.4.3}% 95
\BOOKMARK [3][-]{subsubsection.9.4.3.2}{\376\377\0009\000.\0004\000.\0003\000.\0002\000\040\000a\000l\000e\000r\000t\000V\000i\000e\000w}{subsection.9.4.3}% 96
\BOOKMARK [3][-]{subsubsection.9.4.3.3}{\376\377\0009\000.\0004\000.\0003\000.\0003\000\040\000c\000i\000r\000c\000u\000i\000t\000\050\000\051}{subsection.9.4.3}% 97
\BOOKMARK [3][-]{subsubsection.9.4.3.4}{\376\377\0009\000.\0004\000.\0003\000.\0004\000\040\000d\000e\000c\000r\000y\000p\000t}{subsection.9.4.3}% 98
\BOOKMARK [3][-]{subsubsection.9.4.3.5}{\376\377\0009\000.\0004\000.\0003\000.\0005\000\040\000e\000n\000c\000r\000y\000p\000t}{subsection.9.4.3}% 99
\BOOKMARK [3][-]{subsubsection.9.4.3.6}{\376\377\0009\000.\0004\000.\0003\000.\0006\000\040\000f\000a\000i\000l}{subsection.9.4.3}% 100
\BOOKMARK [3][-]{subsubsection.9.4.3.7}{\376\377\0009\000.\0004\000.\0003\000.\0007\000\040\000j\000p\000h\000s\000\050\000\051}{subsection.9.4.3}% 101
\BOOKMARK [3][-]{subsubsection.9.4.3.8}{\376\377\0009\000.\0004\000.\0003\000.\0008\000\040\000p\000r\000o\000c\000e\000s\000s\000P\000i\000x\000e\000l\000\050\000\051}{subsection.9.4.3}% 102
\BOOKMARK [3][-]{subsubsection.9.4.3.9}{\376\377\0009\000.\0004\000.\0003\000.\0009\000\040\000s\000a\000v\000e\000D\000a\000t\000a}{subsection.9.4.3}% 103
\BOOKMARK [3][-]{subsubsection.9.4.3.10}{\376\377\0009\000.\0004\000.\0003\000.\0001\0000\000\040\000s\000a\000v\000e\000I\000m\000a\000g\000e}{subsection.9.4.3}% 104
\BOOKMARK [3][-]{subsubsection.9.4.3.11}{\376\377\0009\000.\0004\000.\0003\000.\0001\0001\000\040\000s\000e\000t\000P\000r\000o\000g\000r\000e\000s\000s}{subsection.9.4.3}% 105
\BOOKMARK [3][-]{subsubsection.9.4.3.12}{\376\377\0009\000.\0004\000.\0003\000.\0001\0002\000\040\000s\000t\000a\000r\000t}{subsection.9.4.3}% 106
\BOOKMARK [3][-]{subsubsection.9.4.3.13}{\376\377\0009\000.\0004\000.\0003\000.\0001\0003\000\040\000u\000n\000z\000i\000p\000\050\000\051}{subsection.9.4.3}% 107
\BOOKMARK [3][-]{subsubsection.9.4.3.14}{\376\377\0009\000.\0004\000.\0003\000.\0001\0004\000\040\000z\000i\000p\000\050\000\051}{subsection.9.4.3}% 108
\BOOKMARK [2][-]{subsection.9.4.4}{\376\377\0009\000.\0004\000.\0004\000\040\000M\000e\000m\000b\000e\000r\000\040\000D\000a\000t\000a\000\040\000D\000o\000c\000u\000m\000e\000n\000t\000a\000t\000i\000o\000n}{section.9.4}% 109
\BOOKMARK [3][-]{subsubsection.9.4.4.1}{\376\377\0009\000.\0004\000.\0004\000.\0001\000\040\000b\000i\000t\000s\000U\000s\000e\000d}{subsection.9.4.4}% 110
\BOOKMARK [3][-]{subsubsection.9.4.4.2}{\376\377\0009\000.\0004\000.\0004\000.\0002\000\040\000c\000u\000r\000M\000o\000d\000e}{subsection.9.4.4}% 111
\BOOKMARK [3][-]{subsubsection.9.4.4.3}{\376\377\0009\000.\0004\000.\0004\000.\0003\000\040\000d\000e\000f\000a\000u\000l\000t\000J\000P\000H\000S\000D\000i\000r}{subsection.9.4.4}% 112
\BOOKMARK [3][-]{subsubsection.9.4.4.4}{\376\377\0009\000.\0004\000.\0004\000.\0004\000\040\000e\000r\000r\000o\000r}{subsection.9.4.4}% 113
\BOOKMARK [3][-]{subsubsection.9.4.4.5}{\376\377\0009\000.\0004\000.\0004\000.\0005\000\040\000s\000u\000c\000c\000e\000s\000s}{subsection.9.4.4}% 114
\BOOKMARK [3][-]{subsubsection.9.4.4.6}{\376\377\0009\000.\0004\000.\0004\000.\0006\000\040\000v\000e\000r\000s\000i\000o\000n}{subsection.9.4.4}% 115
\BOOKMARK [3][-]{subsubsection.9.4.4.7}{\376\377\0009\000.\0004\000.\0004\000.\0007\000\040\000v\000e\000r\000s\000i\000o\000n\000S\000t\000r\000i\000n\000g}{subsection.9.4.4}% 116
\BOOKMARK [1][-]{section.9.5}{\376\377\0009\000.\0005\000\040\000Q\000A\000E\000S\000E\000n\000c\000r\000y\000p\000t\000i\000o\000n\000\040\000C\000l\000a\000s\000s\000\040\000R\000e\000f\000e\000r\000e\000n\000c\000e}{chapter.9}% 117
\BOOKMARK [2][-]{subsection.9.5.1}{\376\377\0009\000.\0005\000.\0001\000\040\000D\000e\000t\000a\000i\000l\000e\000d\000\040\000D\000e\000s\000c\000r\000i\000p\000t\000i\000o\000n}{section.9.5}% 118
\BOOKMARK [2][-]{subsection.9.5.2}{\376\377\0009\000.\0005\000.\0002\000\040\000M\000e\000m\000b\000e\000r\000\040\000E\000n\000u\000m\000e\000r\000a\000t\000i\000o\000n\000\040\000D\000o\000c\000u\000m\000e\000n\000t\000a\000t\000i\000o\000n}{section.9.5}% 119
\BOOKMARK [3][-]{subsubsection.9.5.2.1}{\376\377\0009\000.\0005\000.\0002\000.\0001\000\040\000A\000e\000s}{subsection.9.5.2}% 120
\BOOKMARK [3][-]{subsubsection.9.5.2.2}{\376\377\0009\000.\0005\000.\0002\000.\0002\000\040\000M\000o\000d\000e}{subsection.9.5.2}% 121
\BOOKMARK [3][-]{subsubsection.9.5.2.3}{\376\377\0009\000.\0005\000.\0002\000.\0003\000\040\000P\000a\000d\000d\000i\000n\000g}{subsection.9.5.2}% 122
\BOOKMARK [2][-]{subsection.9.5.3}{\376\377\0009\000.\0005\000.\0003\000\040\000C\000o\000n\000s\000t\000r\000u\000c\000t\000o\000r\000\040\000\046\000\040\000D\000e\000s\000t\000r\000u\000c\000t\000o\000r\000\040\000D\000o\000c\000u\000m\000e\000n\000t\000a\000t\000i\000o\000n}{section.9.5}% 123
\BOOKMARK [3][-]{subsubsection.9.5.3.1}{\376\377\0009\000.\0005\000.\0003\000.\0001\000\040\000Q\000A\000E\000S\000E\000n\000c\000r\000y\000p\000t\000i\000o\000n\000\050\000\051}{subsection.9.5.3}% 124
\BOOKMARK [2][-]{subsection.9.5.4}{\376\377\0009\000.\0005\000.\0004\000\040\000M\000e\000m\000b\000e\000r\000\040\000F\000u\000n\000c\000t\000i\000o\000n\000\040\000D\000o\000c\000u\000m\000e\000n\000t\000a\000t\000i\000o\000n}{section.9.5}% 125
\BOOKMARK [3][-]{subsubsection.9.5.4.1}{\376\377\0009\000.\0005\000.\0004\000.\0001\000\040\000C\000r\000y\000p\000t\000\050\000\051}{subsection.9.5.4}% 126
\BOOKMARK [3][-]{subsubsection.9.5.4.2}{\376\377\0009\000.\0005\000.\0004\000.\0002\000\040\000d\000e\000c\000o\000d\000e\000\050\000\051}{subsection.9.5.4}% 127
\BOOKMARK [3][-]{subsubsection.9.5.4.3}{\376\377\0009\000.\0005\000.\0004\000.\0003\000\040\000D\000e\000c\000r\000y\000p\000t\000\050\000\051}{subsection.9.5.4}% 128
\BOOKMARK [3][-]{subsubsection.9.5.4.4}{\376\377\0009\000.\0005\000.\0004\000.\0004\000\040\000e\000n\000c\000o\000d\000e\000\050\000\051}{subsection.9.5.4}% 129
\BOOKMARK [3][-]{subsubsection.9.5.4.5}{\376\377\0009\000.\0005\000.\0004\000.\0005\000\040\000E\000x\000p\000a\000n\000d\000K\000e\000y\000\050\000\051}{subsection.9.5.4}% 130
\BOOKMARK [3][-]{subsubsection.9.5.4.6}{\376\377\0009\000.\0005\000.\0004\000.\0006\000\040\000e\000x\000p\000a\000n\000d\000K\000e\000y\000\050\000\051}{subsection.9.5.4}% 131
\BOOKMARK [3][-]{subsubsection.9.5.4.7}{\376\377\0009\000.\0005\000.\0004\000.\0007\000\040\000R\000e\000m\000o\000v\000e\000P\000a\000d\000d\000i\000n\000g\000\050\000\051}{subsection.9.5.4}% 132
\BOOKMARK [3][-]{subsubsection.9.5.4.8}{\376\377\0009\000.\0005\000.\0004\000.\0008\000\040\000r\000e\000m\000o\000v\000e\000P\000a\000d\000d\000i\000n\000g\000\050\000\051}{subsection.9.5.4}% 133
\BOOKMARK [1][-]{section.9.6}{\376\377\0009\000.\0006\000\040\000T\000e\000s\000t\000P\000C\000\040\000C\000l\000a\000s\000s\000\040\000R\000e\000f\000e\000r\000e\000n\000c\000e}{chapter.9}% 134
\BOOKMARK [2][-]{subsection.9.6.1}{\376\377\0009\000.\0006\000.\0001\000\040\000D\000e\000t\000a\000i\000l\000e\000d\000\040\000D\000e\000s\000c\000r\000i\000p\000t\000i\000o\000n}{section.9.6}% 135
\BOOKMARK [2][-]{subsection.9.6.2}{\376\377\0009\000.\0006\000.\0002\000\040\000C\000o\000n\000s\000t\000r\000u\000c\000t\000o\000r\000\040\000\046\000\040\000D\000e\000s\000t\000r\000u\000c\000t\000o\000r\000\040\000D\000o\000c\000u\000m\000e\000n\000t\000a\000t\000i\000o\000n}{section.9.6}% 136
\BOOKMARK [3][-]{subsubsection.9.6.2.1}{\376\377\0009\000.\0006\000.\0002\000.\0001\000\040\000T\000e\000s\000t\000P\000C\000\050\000\051}{subsection.9.6.2}% 137
\BOOKMARK [2][-]{subsection.9.6.3}{\376\377\0009\000.\0006\000.\0003\000\040\000M\000e\000m\000b\000e\000r\000\040\000F\000u\000n\000c\000t\000i\000o\000n\000\040\000D\000o\000c\000u\000m\000e\000n\000t\000a\000t\000i\000o\000n}{section.9.6}% 138
\BOOKMARK [3][-]{subsubsection.9.6.3.1}{\376\377\0009\000.\0006\000.\0003\000.\0001\000\040\000s\000t\000a\000r\000t\000T\000e\000s\000t}{subsection.9.6.3}% 139
\BOOKMARK [3][-]{subsubsection.9.6.3.2}{\376\377\0009\000.\0006\000.\0003\000.\0002\000\040\000t\000e\000s\000t}{subsection.9.6.3}% 140
\BOOKMARK [1][-]{section.9.7}{\376\377\0009\000.\0007\000\040\000V\000i\000e\000w\000P\000C\000\040\000C\000l\000a\000s\000s\000\040\000R\000e\000f\000e\000r\000e\000n\000c\000e}{chapter.9}% 141
\BOOKMARK [2][-]{subsection.9.7.1}{\376\377\0009\000.\0007\000.\0001\000\040\000D\000e\000t\000a\000i\000l\000e\000d\000\040\000D\000e\000s\000c\000r\000i\000p\000t\000i\000o\000n}{section.9.7}% 142
\BOOKMARK [2][-]{subsection.9.7.2}{\376\377\0009\000.\0007\000.\0002\000\040\000C\000o\000n\000s\000t\000r\000u\000c\000t\000o\000r\000\040\000\046\000\040\000D\000e\000s\000t\000r\000u\000c\000t\000o\000r\000\040\000D\000o\000c\000u\000m\000e\000n\000t\000a\000t\000i\000o\000n}{section.9.7}% 143
\BOOKMARK [3][-]{subsubsection.9.7.2.1}{\376\377\0009\000.\0007\000.\0002\000.\0001\000\040\000V\000i\000e\000w\000P\000C\000\050\000\051}{subsection.9.7.2}% 144
\BOOKMARK [3][-]{subsubsection.9.7.2.2}{\376\377\0009\000.\0007\000.\0002\000.\0002\000\040\000\040\000V\000i\000e\000w\000P\000C\000\050\000\051}{subsection.9.7.2}% 145
\BOOKMARK [2][-]{subsection.9.7.3}{\376\377\0009\000.\0007\000.\0003\000\040\000M\000e\000m\000b\000e\000r\000\040\000F\000u\000n\000c\000t\000i\000o\000n\000\040\000D\000o\000c\000u\000m\000e\000n\000t\000a\000t\000i\000o\000n}{section.9.7}% 146
\BOOKMARK [3][-]{subsubsection.9.7.3.1}{\376\377\0009\000.\0007\000.\0003\000.\0001\000\040\000a\000b\000o\000r\000t\000C\000i\000r\000c\000u\000i\000t}{subsection.9.7.3}% 147
\BOOKMARK [3][-]{subsubsection.9.7.3.2}{\376\377\0009\000.\0007\000.\0003\000.\0002\000\040\000a\000b\000o\000r\000t\000M\000o\000d\000e\000l}{subsection.9.7.3}% 148
\BOOKMARK [3][-]{subsubsection.9.7.3.3}{\376\377\0009\000.\0007\000.\0003\000.\0003\000\040\000a\000l\000e\000r\000t}{subsection.9.7.3}% 149
\BOOKMARK [3][-]{subsubsection.9.7.3.4}{\376\377\0009\000.\0007\000.\0003\000.\0004\000\040\000d\000e\000c\000r\000y\000p\000t}{subsection.9.7.3}% 150
\BOOKMARK [3][-]{subsubsection.9.7.3.5}{\376\377\0009\000.\0007\000.\0003\000.\0005\000\040\000e\000n\000c\000r\000y\000p\000t}{subsection.9.7.3}% 151
\BOOKMARK [3][-]{subsubsection.9.7.3.6}{\376\377\0009\000.\0007\000.\0003\000.\0006\000\040\000o\000n\000\137\000a\000c\000t\000i\000o\000n\000A\000b\000o\000u\000t\000\137\000t\000r\000i\000g\000g\000e\000r\000e\000d}{subsection.9.7.3}% 152
\BOOKMARK [3][-]{subsubsection.9.7.3.7}{\376\377\0009\000.\0007\000.\0003\000.\0007\000\040\000o\000n\000\137\000a\000c\000t\000i\000o\000n\000H\000e\000l\000p\000\137\000t\000r\000i\000g\000g\000e\000r\000e\000d}{subsection.9.7.3}% 153
\BOOKMARK [3][-]{subsubsection.9.7.3.8}{\376\377\0009\000.\0007\000.\0003\000.\0008\000\040\000o\000n\000\137\000f\000i\000l\000e\000B\000u\000t\000t\000o\000n\000\137\000c\000l\000i\000c\000k\000e\000d}{subsection.9.7.3}% 154
\BOOKMARK [3][-]{subsubsection.9.7.3.9}{\376\377\0009\000.\0007\000.\0003\000.\0009\000\040\000o\000n\000\137\000s\000t\000a\000r\000t\000B\000u\000t\000t\000o\000n\000\137\000c\000l\000i\000c\000k\000e\000d}{subsection.9.7.3}% 155
\BOOKMARK [2][-]{subsection.9.7.4}{\376\377\0009\000.\0007\000.\0004\000\040\000E\000n\000c\000r\000y\000p\000t\000i\000n\000g}{section.9.7}% 156
\BOOKMARK [2][-]{subsection.9.7.5}{\376\377\0009\000.\0007\000.\0005\000\040\000D\000e\000c\000r\000y\000p\000t\000i\000n\000g}{section.9.7}% 157
\BOOKMARK [3][-]{subsubsection.9.7.5.1}{\376\377\0009\000.\0007\000.\0005\000.\0001\000\040\000s\000a\000v\000e\000D\000a\000t\000a}{subsection.9.7.5}% 158
\BOOKMARK [3][-]{subsubsection.9.7.5.2}{\376\377\0009\000.\0007\000.\0005\000.\0002\000\040\000s\000a\000v\000e\000I\000m\000a\000g\000e}{subsection.9.7.5}% 159
\BOOKMARK [3][-]{subsubsection.9.7.5.3}{\376\377\0009\000.\0007\000.\0005\000.\0003\000\040\000s\000e\000t\000B\000i\000t\000s\000U\000s\000e\000d}{subsection.9.7.5}% 160
\BOOKMARK [3][-]{subsubsection.9.7.5.4}{\376\377\0009\000.\0007\000.\0005\000.\0004\000\040\000s\000e\000t\000E\000n\000c\000r\000y\000p\000t\000M\000o\000d\000e}{subsection.9.7.5}% 161
\BOOKMARK [3][-]{subsubsection.9.7.5.5}{\376\377\0009\000.\0007\000.\0005\000.\0005\000\040\000s\000e\000t\000J\000P\000H\000S\000D\000i\000r}{subsection.9.7.5}% 162
\BOOKMARK [3][-]{subsubsection.9.7.5.6}{\376\377\0009\000.\0007\000.\0005\000.\0006\000\040\000s\000e\000t\000P\000r\000o\000g\000r\000e\000s\000s}{subsection.9.7.5}% 163
\BOOKMARK [3][-]{subsubsection.9.7.5.7}{\376\377\0009\000.\0007\000.\0005\000.\0007\000\040\000s\000e\000t\000V\000e\000r\000s\000i\000o\000n}{subsection.9.7.5}% 164
\BOOKMARK [2][-]{subsection.9.7.6}{\376\377\0009\000.\0007\000.\0006\000\040\000M\000e\000m\000b\000e\000r\000\040\000D\000a\000t\000a\000\040\000D\000o\000c\000u\000m\000e\000n\000t\000a\000t\000i\000o\000n}{section.9.7}% 165
\BOOKMARK [3][-]{subsubsection.9.7.6.1}{\376\377\0009\000.\0007\000.\0006\000.\0001\000\040\000d\000i\000a\000l\000o\000g}{subsection.9.7.6}% 166
\BOOKMARK [3][-]{subsubsection.9.7.6.2}{\376\377\0009\000.\0007\000.\0006\000.\0002\000\040\000e\000r\000r\000o\000r\000s\000D\000i\000c\000t}{subsection.9.7.6}% 167
\BOOKMARK [3][-]{subsubsection.9.7.6.3}{\376\377\0009\000.\0007\000.\0006\000.\0003\000\040\000p\000r\000o\000g\000r\000e\000s\000s\000D\000i\000a\000l\000o\000g\000C\000l\000o\000s\000e\000d}{subsection.9.7.6}% 168
\BOOKMARK [0][-]{chapter.10}{\376\377\0001\0000\000\040\000F\000i\000l\000e\000\040\000D\000o\000c\000u\000m\000e\000n\000t\000a\000t\000i\000o\000n}{}% 169
\BOOKMARK [1][-]{section.10.1}{\376\377\0001\0000\000.\0001\000\040\000C\000:\000/\000U\000s\000e\000r\000s\000/\000s\000a\000l\000e\000x\000/\000D\000o\000c\000u\000m\000e\000n\000t\000s\000/\000G\000i\000t\000H\000u\000b\000/\000P\000i\000c\000t\000u\000r\000e\000C\000r\000y\000p\000t\000/\000C\000O\000D\000E\000\137\000O\000F\000\137\000C\000O\000N\000D\000U\000C\000T\000.\000m\000d\000\040\000F\000i\000l\000e\000\040\000R\000e\000f\000e\000r\000e\000n\000c\000e}{chapter.10}% 170
\BOOKMARK [1][-]{section.10.2}{\376\377\0001\0000\000.\0002\000\040\000C\000:\000/\000U\000s\000e\000r\000s\000/\000s\000a\000l\000e\000x\000/\000D\000o\000c\000u\000m\000e\000n\000t\000s\000/\000G\000i\000t\000H\000u\000b\000/\000P\000i\000c\000t\000u\000r\000e\000C\000r\000y\000p\000t\000/\000C\000O\000D\000E\000\137\000O\000F\000\137\000C\000O\000N\000D\000U\000C\000T\000.\000m\000d}{chapter.10}% 171
\BOOKMARK [1][-]{section.10.3}{\376\377\0001\0000\000.\0003\000\040\000C\000:\000/\000U\000s\000e\000r\000s\000/\000s\000a\000l\000e\000x\000/\000D\000o\000c\000u\000m\000e\000n\000t\000s\000/\000G\000i\000t\000H\000u\000b\000/\000P\000i\000c\000t\000u\000r\000e\000C\000r\000y\000p\000t\000/\000R\000E\000A\000D\000M\000E\000.\000m\000d\000\040\000F\000i\000l\000e\000\040\000R\000e\000f\000e\000r\000e\000n\000c\000e}{chapter.10}% 172
\BOOKMARK [1][-]{section.10.4}{\376\377\0001\0000\000.\0004\000\040\000C\000:\000/\000U\000s\000e\000r\000s\000/\000s\000a\000l\000e\000x\000/\000D\000o\000c\000u\000m\000e\000n\000t\000s\000/\000G\000i\000t\000H\000u\000b\000/\000P\000i\000c\000t\000u\000r\000e\000C\000r\000y\000p\000t\000/\000R\000E\000A\000D\000M\000E\000.\000m\000d}{chapter.10}% 173
\BOOKMARK [1][-]{section.10.5}{\376\377\0001\0000\000.\0005\000\040\000C\000:\000/\000U\000s\000e\000r\000s\000/\000s\000a\000l\000e\000x\000/\000D\000o\000c\000u\000m\000e\000n\000t\000s\000/\000G\000i\000t\000H\000u\000b\000/\000P\000i\000c\000t\000u\000r\000e\000C\000r\000y\000p\000t\000/\000s\000r\000c\000/\000a\000b\000o\000u\000t\000p\000c\000.\000c\000p\000p\000\040\000F\000i\000l\000e\000\040\000R\000e\000f\000e\000r\000e\000n\000c\000e}{chapter.10}% 174
\BOOKMARK [1][-]{section.10.6}{\376\377\0001\0000\000.\0006\000\040\000a\000b\000o\000u\000t\000p\000c\000.\000c\000p\000p}{chapter.10}% 175
\BOOKMARK [1][-]{section.10.7}{\376\377\0001\0000\000.\0007\000\040\000C\000:\000/\000U\000s\000e\000r\000s\000/\000s\000a\000l\000e\000x\000/\000D\000o\000c\000u\000m\000e\000n\000t\000s\000/\000G\000i\000t\000H\000u\000b\000/\000P\000i\000c\000t\000u\000r\000e\000C\000r\000y\000p\000t\000/\000s\000r\000c\000/\000a\000b\000o\000u\000t\000p\000c\000.\000h\000\040\000F\000i\000l\000e\000\040\000R\000e\000f\000e\000r\000e\000n\000c\000e}{chapter.10}% 176
\BOOKMARK [1][-]{section.10.8}{\376\377\0001\0000\000.\0008\000\040\000a\000b\000o\000u\000t\000p\000c\000.\000h}{chapter.10}% 177
\BOOKMARK [1][-]{section.10.9}{\376\377\0001\0000\000.\0009\000\040\000C\000:\000/\000U\000s\000e\000r\000s\000/\000s\000a\000l\000e\000x\000/\000D\000o\000c\000u\000m\000e\000n\000t\000s\000/\000G\000i\000t\000H\000u\000b\000/\000P\000i\000c\000t\000u\000r\000e\000C\000r\000y\000p\000t\000/\000s\000r\000c\000/\000a\000e\000s\000/\000q\000a\000e\000s\000e\000n\000c\000r\000y\000p\000t\000i\000o\000n\000.\000c\000p\000p\000\040\000F\000i\000l\000e\000\040\000R\000e\000f\000e\000r\000e\000n\000c\000e}{chapter.10}% 178
\BOOKMARK [2][-]{subsection.10.9.1}{\376\377\0001\0000\000.\0009\000.\0001\000\040\000F\000u\000n\000c\000t\000i\000o\000n\000\040\000D\000o\000c\000u\000m\000e\000n\000t\000a\000t\000i\000o\000n}{section.10.9}% 179
\BOOKMARK [3][-]{subsubsection.10.9.1.1}{\376\377\0001\0000\000.\0009\000.\0001\000.\0001\000\040\000m\000u\000l\000t\000i\000p\000l\000y\000\050\000\051}{subsection.10.9.1}% 180
\BOOKMARK [3][-]{subsubsection.10.9.1.2}{\376\377\0001\0000\000.\0009\000.\0001\000.\0002\000\040\000x\000T\000i\000m\000e\000\050\000\051}{subsection.10.9.1}% 181
\BOOKMARK [1][-]{section.10.10}{\376\377\0001\0000\000.\0001\0000\000\040\000q\000a\000e\000s\000e\000n\000c\000r\000y\000p\000t\000i\000o\000n\000.\000c\000p\000p}{chapter.10}% 182
\BOOKMARK [1][-]{section.10.11}{\376\377\0001\0000\000.\0001\0001\000\040\000C\000:\000/\000U\000s\000e\000r\000s\000/\000s\000a\000l\000e\000x\000/\000D\000o\000c\000u\000m\000e\000n\000t\000s\000/\000G\000i\000t\000H\000u\000b\000/\000P\000i\000c\000t\000u\000r\000e\000C\000r\000y\000p\000t\000/\000s\000r\000c\000/\000a\000e\000s\000/\000q\000a\000e\000s\000e\000n\000c\000r\000y\000p\000t\000i\000o\000n\000.\000h\000\040\000F\000i\000l\000e\000\040\000R\000e\000f\000e\000r\000e\000n\000c\000e}{chapter.10}% 183
\BOOKMARK [1][-]{section.10.12}{\376\377\0001\0000\000.\0001\0002\000\040\000q\000a\000e\000s\000e\000n\000c\000r\000y\000p\000t\000i\000o\000n\000.\000h}{chapter.10}% 184
\BOOKMARK [1][-]{section.10.13}{\376\377\0001\0000\000.\0001\0003\000\040\000C\000:\000/\000U\000s\000e\000r\000s\000/\000s\000a\000l\000e\000x\000/\000D\000o\000c\000u\000m\000e\000n\000t\000s\000/\000G\000i\000t\000H\000u\000b\000/\000P\000i\000c\000t\000u\000r\000e\000C\000r\000y\000p\000t\000/\000s\000r\000c\000/\000c\000o\000n\000f\000i\000g\000/\000E\000r\000r\000o\000r\000s\000D\000i\000c\000t\000.\000j\000s\000o\000n\000\040\000F\000i\000l\000e\000\040\000R\000e\000f\000e\000r\000e\000n\000c\000e}{chapter.10}% 185
\BOOKMARK [1][-]{section.10.14}{\376\377\0001\0000\000.\0001\0004\000\040\000E\000r\000r\000o\000r\000s\000D\000i\000c\000t\000.\000j\000s\000o\000n}{chapter.10}% 186
\BOOKMARK [1][-]{section.10.15}{\376\377\0001\0000\000.\0001\0005\000\040\000C\000:\000/\000U\000s\000e\000r\000s\000/\000s\000a\000l\000e\000x\000/\000D\000o\000c\000u\000m\000e\000n\000t\000s\000/\000G\000i\000t\000H\000u\000b\000/\000P\000i\000c\000t\000u\000r\000e\000C\000r\000y\000p\000t\000/\000s\000r\000c\000/\000c\000o\000n\000f\000i\000g\000/\000E\000r\000r\000o\000r\000s\000D\000i\000c\000t\000S\000e\000t\000u\000p\000.\000p\000y\000\040\000F\000i\000l\000e\000\040\000R\000e\000f\000e\000r\000e\000n\000c\000e}{chapter.10}% 187
\BOOKMARK [1][-]{section.10.16}{\376\377\0001\0000\000.\0001\0006\000\040\000E\000r\000r\000o\000r\000s\000D\000i\000c\000t\000S\000e\000t\000u\000p\000.\000p\000y}{chapter.10}% 188
\BOOKMARK [1][-]{section.10.17}{\376\377\0001\0000\000.\0001\0007\000\040\000C\000:\000/\000U\000s\000e\000r\000s\000/\000s\000a\000l\000e\000x\000/\000D\000o\000c\000u\000m\000e\000n\000t\000s\000/\000G\000i\000t\000H\000u\000b\000/\000P\000i\000c\000t\000u\000r\000e\000C\000r\000y\000p\000t\000/\000s\000r\000c\000/\000c\000o\000n\000t\000r\000o\000l\000l\000e\000r\000p\000c\000.\000c\000p\000p\000\040\000F\000i\000l\000e\000\040\000R\000e\000f\000e\000r\000e\000n\000c\000e}{chapter.10}% 189
\BOOKMARK [1][-]{section.10.18}{\376\377\0001\0000\000.\0001\0008\000\040\000c\000o\000n\000t\000r\000o\000l\000l\000e\000r\000p\000c\000.\000c\000p\000p}{chapter.10}% 190
\BOOKMARK [1][-]{section.10.19}{\376\377\0001\0000\000.\0001\0009\000\040\000C\000:\000/\000U\000s\000e\000r\000s\000/\000s\000a\000l\000e\000x\000/\000D\000o\000c\000u\000m\000e\000n\000t\000s\000/\000G\000i\000t\000H\000u\000b\000/\000P\000i\000c\000t\000u\000r\000e\000C\000r\000y\000p\000t\000/\000s\000r\000c\000/\000c\000o\000n\000t\000r\000o\000l\000l\000e\000r\000p\000c\000.\000h\000\040\000F\000i\000l\000e\000\040\000R\000e\000f\000e\000r\000e\000n\000c\000e}{chapter.10}% 191
\BOOKMARK [2][-]{subsection.10.19.1}{\376\377\0001\0000\000.\0001\0009\000.\0001\000\040\000D\000e\000t\000a\000i\000l\000e\000d\000\040\000D\000e\000s\000c\000r\000i\000p\000t\000i\000o\000n}{section.10.19}% 192
\BOOKMARK [1][-]{section.10.20}{\376\377\0001\0000\000.\0002\0000\000\040\000c\000o\000n\000t\000r\000o\000l\000l\000e\000r\000p\000c\000.\000h}{chapter.10}% 193
\BOOKMARK [1][-]{section.10.21}{\376\377\0001\0000\000.\0002\0001\000\040\000C\000:\000/\000U\000s\000e\000r\000s\000/\000s\000a\000l\000e\000x\000/\000D\000o\000c\000u\000m\000e\000n\000t\000s\000/\000G\000i\000t\000H\000u\000b\000/\000P\000i\000c\000t\000u\000r\000e\000C\000r\000y\000p\000t\000/\000s\000r\000c\000/\000e\000n\000c\000r\000y\000p\000t\000d\000i\000a\000l\000o\000g\000.\000c\000p\000p\000\040\000F\000i\000l\000e\000\040\000R\000e\000f\000e\000r\000e\000n\000c\000e}{chapter.10}% 194
\BOOKMARK [1][-]{section.10.22}{\376\377\0001\0000\000.\0002\0002\000\040\000e\000n\000c\000r\000y\000p\000t\000d\000i\000a\000l\000o\000g\000.\000c\000p\000p}{chapter.10}% 195
\BOOKMARK [1][-]{section.10.23}{\376\377\0001\0000\000.\0002\0003\000\040\000C\000:\000/\000U\000s\000e\000r\000s\000/\000s\000a\000l\000e\000x\000/\000D\000o\000c\000u\000m\000e\000n\000t\000s\000/\000G\000i\000t\000H\000u\000b\000/\000P\000i\000c\000t\000u\000r\000e\000C\000r\000y\000p\000t\000/\000s\000r\000c\000/\000e\000n\000c\000r\000y\000p\000t\000d\000i\000a\000l\000o\000g\000.\000h\000\040\000F\000i\000l\000e\000\040\000R\000e\000f\000e\000r\000e\000n\000c\000e}{chapter.10}% 196
\BOOKMARK [1][-]{section.10.24}{\376\377\0001\0000\000.\0002\0004\000\040\000e\000n\000c\000r\000y\000p\000t\000d\000i\000a\000l\000o\000g\000.\000h}{chapter.10}% 197
\BOOKMARK [1][-]{section.10.25}{\376\377\0001\0000\000.\0002\0005\000\040\000C\000:\000/\000U\000s\000e\000r\000s\000/\000s\000a\000l\000e\000x\000/\000D\000o\000c\000u\000m\000e\000n\000t\000s\000/\000G\000i\000t\000H\000u\000b\000/\000P\000i\000c\000t\000u\000r\000e\000C\000r\000y\000p\000t\000/\000s\000r\000c\000/\000m\000a\000i\000n\000.\000c\000p\000p\000\040\000F\000i\000l\000e\000\040\000R\000e\000f\000e\000r\000e\000n\000c\000e}{chapter.10}% 198
\BOOKMARK [2][-]{subsection.10.25.1}{\376\377\0001\0000\000.\0002\0005\000.\0001\000\040\000F\000u\000n\000c\000t\000i\000o\000n\000\040\000D\000o\000c\000u\000m\000e\000n\000t\000a\000t\000i\000o\000n}{section.10.25}% 199
\BOOKMARK [3][-]{subsubsection.10.25.1.1}{\376\377\0001\0000\000.\0002\0005\000.\0001\000.\0001\000\040\000m\000a\000i\000n\000\050\000\051}{subsection.10.25.1}% 200
\BOOKMARK [1][-]{section.10.26}{\376\377\0001\0000\000.\0002\0006\000\040\000m\000a\000i\000n\000.\000c\000p\000p}{chapter.10}% 201
\BOOKMARK [1][-]{section.10.27}{\376\377\0001\0000\000.\0002\0007\000\040\000C\000:\000/\000U\000s\000e\000r\000s\000/\000s\000a\000l\000e\000x\000/\000D\000o\000c\000u\000m\000e\000n\000t\000s\000/\000G\000i\000t\000H\000u\000b\000/\000P\000i\000c\000t\000u\000r\000e\000C\000r\000y\000p\000t\000/\000s\000r\000c\000/\000m\000o\000d\000e\000l\000p\000c\000.\000c\000p\000p\000\040\000F\000i\000l\000e\000\040\000R\000e\000f\000e\000r\000e\000n\000c\000e}{chapter.10}% 202
\BOOKMARK [1][-]{section.10.28}{\376\377\0001\0000\000.\0002\0008\000\040\000m\000o\000d\000e\000l\000p\000c\000.\000c\000p\000p}{chapter.10}% 203
\BOOKMARK [1][-]{section.10.29}{\376\377\0001\0000\000.\0002\0009\000\040\000C\000:\000/\000U\000s\000e\000r\000s\000/\000s\000a\000l\000e\000x\000/\000D\000o\000c\000u\000m\000e\000n\000t\000s\000/\000G\000i\000t\000H\000u\000b\000/\000P\000i\000c\000t\000u\000r\000e\000C\000r\000y\000p\000t\000/\000s\000r\000c\000/\000m\000o\000d\000e\000l\000p\000c\000.\000h\000\040\000F\000i\000l\000e\000\040\000R\000e\000f\000e\000r\000e\000n\000c\000e}{chapter.10}% 204
\BOOKMARK [2][-]{subsection.10.29.1}{\376\377\0001\0000\000.\0002\0009\000.\0001\000\040\000D\000e\000t\000a\000i\000l\000e\000d\000\040\000D\000e\000s\000c\000r\000i\000p\000t\000i\000o\000n}{section.10.29}% 205
\BOOKMARK [1][-]{section.10.30}{\376\377\0001\0000\000.\0003\0000\000\040\000m\000o\000d\000e\000l\000p\000c\000.\000h}{chapter.10}% 206
\BOOKMARK [1][-]{section.10.31}{\376\377\0001\0000\000.\0003\0001\000\040\000C\000:\000/\000U\000s\000e\000r\000s\000/\000s\000a\000l\000e\000x\000/\000D\000o\000c\000u\000m\000e\000n\000t\000s\000/\000G\000i\000t\000H\000u\000b\000/\000P\000i\000c\000t\000u\000r\000e\000C\000r\000y\000p\000t\000/\000s\000r\000c\000/\000u\000n\000i\000t\000\137\000t\000e\000s\000t\000s\000/\000t\000e\000s\000t\000p\000c\000.\000c\000p\000p\000\040\000F\000i\000l\000e\000\040\000R\000e\000f\000e\000r\000e\000n\000c\000e}{chapter.10}% 207
\BOOKMARK [1][-]{section.10.32}{\376\377\0001\0000\000.\0003\0002\000\040\000t\000e\000s\000t\000p\000c\000.\000c\000p\000p}{chapter.10}% 208
\BOOKMARK [1][-]{section.10.33}{\376\377\0001\0000\000.\0003\0003\000\040\000C\000:\000/\000U\000s\000e\000r\000s\000/\000s\000a\000l\000e\000x\000/\000D\000o\000c\000u\000m\000e\000n\000t\000s\000/\000G\000i\000t\000H\000u\000b\000/\000P\000i\000c\000t\000u\000r\000e\000C\000r\000y\000p\000t\000/\000s\000r\000c\000/\000u\000n\000i\000t\000\137\000t\000e\000s\000t\000s\000/\000t\000e\000s\000t\000p\000c\000.\000h\000\040\000F\000i\000l\000e\000\040\000R\000e\000f\000e\000r\000e\000n\000c\000e}{chapter.10}% 209
\BOOKMARK [1][-]{section.10.34}{\376\377\0001\0000\000.\0003\0004\000\040\000t\000e\000s\000t\000p\000c\000.\000h}{chapter.10}% 210
\BOOKMARK [1][-]{section.10.35}{\376\377\0001\0000\000.\0003\0005\000\040\000C\000:\000/\000U\000s\000e\000r\000s\000/\000s\000a\000l\000e\000x\000/\000D\000o\000c\000u\000m\000e\000n\000t\000s\000/\000G\000i\000t\000H\000u\000b\000/\000P\000i\000c\000t\000u\000r\000e\000C\000r\000y\000p\000t\000/\000s\000r\000c\000/\000u\000n\000i\000t\000\137\000t\000e\000s\000t\000s\000/\000t\000e\000s\000t\000s\000-\000s\000e\000t\000u\000p\000.\000p\000y\000\040\000F\000i\000l\000e\000\040\000R\000e\000f\000e\000r\000e\000n\000c\000e}{chapter.10}% 211
\BOOKMARK [1][-]{section.10.36}{\376\377\0001\0000\000.\0003\0006\000\040\000t\000e\000s\000t\000s\000-\000s\000e\000t\000u\000p\000.\000p\000y}{chapter.10}% 212
\BOOKMARK [1][-]{section.10.37}{\376\377\0001\0000\000.\0003\0007\000\040\000C\000:\000/\000U\000s\000e\000r\000s\000/\000s\000a\000l\000e\000x\000/\000D\000o\000c\000u\000m\000e\000n\000t\000s\000/\000G\000i\000t\000H\000u\000b\000/\000P\000i\000c\000t\000u\000r\000e\000C\000r\000y\000p\000t\000/\000s\000r\000c\000/\000u\000n\000i\000t\000\137\000t\000e\000s\000t\000s\000/\000t\000e\000s\000t\000s\000.\000j\000s\000o\000n\000\040\000F\000i\000l\000e\000\040\000R\000e\000f\000e\000r\000e\000n\000c\000e}{chapter.10}% 213
\BOOKMARK [1][-]{section.10.38}{\376\377\0001\0000\000.\0003\0008\000\040\000t\000e\000s\000t\000s\000.\000j\000s\000o\000n}{chapter.10}% 214
\BOOKMARK [1][-]{section.10.39}{\376\377\0001\0000\000.\0003\0009\000\040\000C\000:\000/\000U\000s\000e\000r\000s\000/\000s\000a\000l\000e\000x\000/\000D\000o\000c\000u\000m\000e\000n\000t\000s\000/\000G\000i\000t\000H\000u\000b\000/\000P\000i\000c\000t\000u\000r\000e\000C\000r\000y\000p\000t\000/\000s\000r\000c\000/\000v\000i\000e\000w\000p\000c\000.\000c\000p\000p\000\040\000F\000i\000l\000e\000\040\000R\000e\000f\000e\000r\000e\000n\000c\000e}{chapter.10}% 215
\BOOKMARK [1][-]{section.10.40}{\376\377\0001\0000\000.\0004\0000\000\040\000v\000i\000e\000w\000p\000c\000.\000c\000p\000p}{chapter.10}% 216
\BOOKMARK [1][-]{section.10.41}{\376\377\0001\0000\000.\0004\0001\000\040\000C\000:\000/\000U\000s\000e\000r\000s\000/\000s\000a\000l\000e\000x\000/\000D\000o\000c\000u\000m\000e\000n\000t\000s\000/\000G\000i\000t\000H\000u\000b\000/\000P\000i\000c\000t\000u\000r\000e\000C\000r\000y\000p\000t\000/\000s\000r\000c\000/\000v\000i\000e\000w\000p\000c\000.\000h\000\040\000F\000i\000l\000e\000\040\000R\000e\000f\000e\000r\000e\000n\000c\000e}{chapter.10}% 217
\BOOKMARK [2][-]{subsection.10.41.1}{\376\377\0001\0000\000.\0004\0001\000.\0001\000\040\000D\000e\000t\000a\000i\000l\000e\000d\000\040\000D\000e\000s\000c\000r\000i\000p\000t\000i\000o\000n}{section.10.41}% 218
\BOOKMARK [1][-]{section.10.42}{\376\377\0001\0000\000.\0004\0002\000\040\000v\000i\000e\000w\000p\000c\000.\000h}{chapter.10}% 219
\BOOKMARK [0][-]{section*.152}{\376\377\000I\000n\000d\000e\000x}{}% 220
