Searching for include files...
Searching for example files...
Searching for images...
Searching for dot files...
Searching for files in directory /home/travis/build/waleko/PictureCrypt/doxy/assets
Searching for msc files...
Searching for dia files...
Searching for files to exclude
Searching INPUT for files to process...
Searching for files in directory /home/travis/build/waleko/PictureCrypt/app/src
Searching for files in directory /home/travis/build/waleko/PictureCrypt/app/src/aes
Searching for files in directory /home/travis/build/waleko/PictureCrypt/app/src/build
Searching for files in directory /home/travis/build/waleko/PictureCrypt/app/src/build/Release
Searching for files in directory /home/travis/build/waleko/PictureCrypt/app/src/fonts
Searching for files in directory /home/travis/build/waleko/PictureCrypt/app/src/icons
Searching for files in directory /home/travis/build/waleko/PictureCrypt/app/src/translations
Reading and parsing tag files
Parsing files
Preprocessing /home/travis/build/waleko/PictureCrypt/app/src/aboutpc.cpp...
Parsing file /home/travis/build/waleko/PictureCrypt/app/src/aboutpc.cpp...
Preprocessing /home/travis/build/waleko/PictureCrypt/app/src/aboutpc.h...
Parsing file /home/travis/build/waleko/PictureCrypt/app/src/aboutpc.h...
Preprocessing /home/travis/build/waleko/PictureCrypt/app/src/aes/qaesencryption.cpp...
Parsing file /home/travis/build/waleko/PictureCrypt/app/src/aes/qaesencryption.cpp...
Preprocessing /home/travis/build/waleko/PictureCrypt/app/src/aes/qaesencryption.h...
Parsing file /home/travis/build/waleko/PictureCrypt/app/src/aes/qaesencryption.h...
Preprocessing /home/travis/build/waleko/PictureCrypt/app/src/controllerpc.cpp...
Parsing file /home/travis/build/waleko/PictureCrypt/app/src/controllerpc.cpp...
Preprocessing /home/travis/build/waleko/PictureCrypt/app/src/controllerpc.h...
Parsing file /home/travis/build/waleko/PictureCrypt/app/src/controllerpc.h...
Preprocessing /home/travis/build/waleko/PictureCrypt/app/src/encryptdialog.cpp...
Parsing file /home/travis/build/waleko/PictureCrypt/app/src/encryptdialog.cpp...
Preprocessing /home/travis/build/waleko/PictureCrypt/app/src/encryptdialog.h...
Parsing file /home/travis/build/waleko/PictureCrypt/app/src/encryptdialog.h...
Preprocessing /home/travis/build/waleko/PictureCrypt/app/src/main.cpp...
Parsing file /home/travis/build/waleko/PictureCrypt/app/src/main.cpp...
Preprocessing /home/travis/build/waleko/PictureCrypt/app/src/mainpage.dox...
Parsing file /home/travis/build/waleko/PictureCrypt/app/src/mainpage.dox...
Preprocessing /home/travis/build/waleko/PictureCrypt/app/src/modelpc.cpp...
Parsing file /home/travis/build/waleko/PictureCrypt/app/src/modelpc.cpp...
Preprocessing /home/travis/build/waleko/PictureCrypt/app/src/modelpc.h...
Parsing file /home/travis/build/waleko/PictureCrypt/app/src/modelpc.h...
Preprocessing /home/travis/build/waleko/PictureCrypt/app/src/viewpc.cpp...
Parsing file /home/travis/build/waleko/PictureCrypt/app/src/viewpc.cpp...
Preprocessing /home/travis/build/waleko/PictureCrypt/app/src/viewpc.h...
Parsing file /home/travis/build/waleko/PictureCrypt/app/src/viewpc.h...
Building group list...
Building directory list...
Building namespace list...
Building file list...
Building class list...
Associating documentation with classes...
Computing nesting relations for classes...
Building example list...
Searching for enumerations...
Searching for documented typedefs...
Searching for members imported via using declarations...
Searching for included using directives...
Searching for documented variables...
Building interface member list...
Building member list...
Searching for friends...
Searching for documented defines...
Computing class inheritance relations...
Computing class usage relations...
Flushing cached template relations that have become invalid...
Creating members for template instances...
Computing class relations...
Add enum values to enums...
Searching for member function documentation...
Building page list...
Search for main page...
Computing page relations...
Determining the scope of groups...
Sorting lists...
Freeing entry tree
Determining which enums are documented
Computing member relations...
Building full member lists recursively...
Adding members to member groups.
Computing member references...
Inheriting documentation...
Generating disk names...
Adding source references...
Adding xrefitems...
Sorting member lists...
Computing dependencies between directories...
Generating citations page...
Counting data structures...
Resolving user defined references...
Finding anchors and sections in the documentation...
Transferring function references...
Combining using relations...
Adding members to index pages...
Generating style sheet...
Generating search indices...
Generating example documentation...
Generating file sources...
Generating code for file aboutpc.cpp...
Generating code for file aboutpc.h...
Generating code for file controllerpc.cpp...
Generating code for file controllerpc.h...
Generating code for file encryptdialog.cpp...
Generating code for file encryptdialog.h...
Generating code for file main.cpp...
Parsing code for file mainpage.dox...
Generating code for file modelpc.cpp...
Generating code for file modelpc.h...
Generating code for file qaesencryption.cpp...
Generating code for file qaesencryption.h...
Generating code for file viewpc.cpp...
Generating code for file viewpc.h...
Generating file documentation...
Generating docs for file aboutpc.cpp...
Generating docs for file aboutpc.h...
Generating docs for file controllerpc.cpp...
Generating docs for file controllerpc.h...
Generating docs for file encryptdialog.cpp...
Generating docs for file encryptdialog.h...
Generating docs for file main.cpp...
Generating call graph for function main
Generating docs for file mainpage.dox...
Generating caller graph for function qDebug
Generating docs for file modelpc.cpp...
Generating docs for file modelpc.h...
Generating docs for file qaesencryption.cpp...
Generating call graph for function multiply
Generating caller graph for function multiply
Generating caller graph for function xTime
Generating docs for file qaesencryption.h...
Generating docs for file viewpc.cpp...
Generating docs for file viewpc.h...
Generating page documentation...
Generating group documentation...
Generating class documentation...
Generating docs for compound AboutPC...
Generating caller graph for function AboutPC::setVersion
Generating docs for compound ControllerPC...
Generating call graph for function ControllerPC::ControllerPC
Generating caller graph for function ControllerPC::abortCircuit
Generating caller graph for function ControllerPC::setJPHSDir
Generating docs for compound EncryptDialog...
Generating call graph for function EncryptDialog::EncryptDialog
Generating call graph for function EncryptDialog::on_buttonBox_accepted
Generating call graph for function EncryptDialog::zip
Generating caller graph for function EncryptDialog::zip
Generating docs for compound ModelPC...
Generating caller graph for function ModelPC::ModelPC
Generating caller graph for function ModelPC::alert
Generating caller graph for function ModelPC::alertView
Generating call graph for function ModelPC::circuit
Generating caller graph for function ModelPC::circuit
Generating call graph for function ModelPC::Decrypt
Generating call graph for function ModelPC::decrypt
Generating call graph for function ModelPC::decryptv1_3
Generating caller graph for function ModelPC::decryptv1_3
Generating call graph for function ModelPC::decryptv1_4
Generating caller graph for function ModelPC::decryptv1_4
Generating call graph for function ModelPC::Encrypt
Generating call graph for function ModelPC::encrypt
Generating call graph for function ModelPC::encryptv1_4
Generating caller graph for function ModelPC::encryptv1_4
Generating call graph for function ModelPC::fail
Generating caller graph for function ModelPC::fail
Generating call graph for function ModelPC::Inject
Generating call graph for function ModelPC::inject
Generating caller graph for function ModelPC::inject
Generating call graph for function ModelPC::jphs
Generating caller graph for function ModelPC::jphs
Generating caller graph for function ModelPC::proccessPixelsv1_4
Generating call graph for function ModelPC::processPixel
Generating caller graph for function ModelPC::processPixel
Generating caller graph for function ModelPC::saveData
Generating caller graph for function ModelPC::saveImage
Generating caller graph for function ModelPC::setProgress
Generating call graph for function ModelPC::unzip
Generating caller graph for function ModelPC::unzip
Generating call graph for function ModelPC::zip
Generating caller graph for function ModelPC::zip
Generating docs for compound QAESEncryption...
Generating caller graph for function QAESEncryption::QAESEncryption
Generating call graph for function QAESEncryption::Crypt
Generating caller graph for function QAESEncryption::Crypt
Generating call graph for function QAESEncryption::decode
Generating caller graph for function QAESEncryption::decode
Generating call graph for function QAESEncryption::Decrypt
Generating call graph for function QAESEncryption::encode
Generating call graph for function QAESEncryption::ExpandKey
Generating call graph for function QAESEncryption::expandKey
Generating caller graph for function QAESEncryption::expandKey
Generating docs for compound ViewPC...
Generating call graph for function ViewPC::ViewPC
Generating call graph for function ViewPC::~ViewPC
Generating caller graph for function ViewPC::abortCircuit
Generating caller graph for function ViewPC::abortModel
Generating caller graph for function ViewPC::alert
Generating caller graph for function ViewPC::decrypt
Generating caller graph for function ViewPC::encrypt
Generating call graph for function ViewPC::on_actionAbout_triggered
Generating call graph for function ViewPC::on_startButton_clicked
Generating call graph for function ViewPC::requestKey
Generating caller graph for function ViewPC::requestKey
Generating call graph for function ViewPC::saveData
Generating call graph for function ViewPC::saveImage
Generating caller graph for function ViewPC::setEncryptMode
Generating caller graph for function ViewPC::setJPHSDir
Generating call graph for function ViewPC::setProgress
Generating caller graph for function ViewPC::setupErrorsDict
Generating caller graph for function ViewPC::setVersion
Generating namespace index...
Generating docs for namespace Ui
Generating graph info page...
Generating directory documentation...
Generating dependency graph for directory app
Generating dependency graph for directory src
Generating index page...
Generating page index...
Generating module index...
Generating namespace index...
Generating namespace member index...
Generating annotated compound index...
Generating alphabetical compound index...
Generating hierarchical class index...
Generating graphical class hierarchy...
Generating member index...
Generating file index...
Generating file member index...
Generating example index...
finalizing index lists...
writing tag file...
Running dot...
Generating dot graphs using 3 parallel threads...
Running dot for graph 1/216
Running dot for graph 2/216
Running dot for graph 3/216
Running dot for graph 4/216
Running dot for graph 5/216
Running dot for graph 6/216
Running dot for graph 7/216
Running dot for graph 8/216
Running dot for graph 9/216
Running dot for graph 10/216
Running dot for graph 11/216
Running dot for graph 12/216
Running dot for graph 13/216
Running dot for graph 14/216
Running dot for graph 15/216
Running dot for graph 16/216
Running dot for graph 17/216
Running dot for graph 18/216
Running dot for graph 19/216
Running dot for graph 20/216
Running dot for graph 21/216
Running dot for graph 22/216
Running dot for graph 23/216
Running dot for graph 24/216
Running dot for graph 25/216
Running dot for graph 26/216
Running dot for graph 27/216
Running dot for graph 28/216
Running dot for graph 29/216
Running dot for graph 30/216
Running dot for graph 31/216
Running dot for graph 32/216
Running dot for graph 33/216
Running dot for graph 34/216
Running dot for graph 35/216
Running dot for graph 36/216
Running dot for graph 37/216
Running dot for graph 38/216
Running dot for graph 39/216
Running dot for graph 40/216
Running dot for graph 41/216
Running dot for graph 42/216
Running dot for graph 43/216
Running dot for graph 44/216
Running dot for graph 45/216
Running dot for graph 46/216
Running dot for graph 47/216
Running dot for graph 48/216
Running dot for graph 49/216
Running dot for graph 50/216
Running dot for graph 51/216
Running dot for graph 52/216
Running dot for graph 53/216
Running dot for graph 54/216
Running dot for graph 55/216
Running dot for graph 56/216
Running dot for graph 57/216
Running dot for graph 58/216
Running dot for graph 59/216
Running dot for graph 60/216
Running dot for graph 61/216
Running dot for graph 62/216
Running dot for graph 63/216
Running dot for graph 64/216
Running dot for graph 65/216
Running dot for graph 66/216
Running dot for graph 67/216
Running dot for graph 68/216
Running dot for graph 69/216
Running dot for graph 70/216
Running dot for graph 71/216
Running dot for graph 72/216
Running dot for graph 73/216
Running dot for graph 74/216
Running dot for graph 75/216
Running dot for graph 76/216
Running dot for graph 77/216
Running dot for graph 78/216
Running dot for graph 79/216
Running dot for graph 80/216
Running dot for graph 81/216
Running dot for graph 82/216
Running dot for graph 83/216
Running dot for graph 84/216
Running dot for graph 85/216
Running dot for graph 86/216
Running dot for graph 87/216
Running dot for graph 88/216
Running dot for graph 89/216
Running dot for graph 90/216
Running dot for graph 91/216
Running dot for graph 92/216
Running dot for graph 93/216
Running dot for graph 94/216
Running dot for graph 95/216
Running dot for graph 96/216
Running dot for graph 97/216
Running dot for graph 98/216
Running dot for graph 99/216
Running dot for graph 100/216
Running dot for graph 101/216
Running dot for graph 102/216
Running dot for graph 103/216
Running dot for graph 104/216
Running dot for graph 105/216
Running dot for graph 106/216
Running dot for graph 107/216
Running dot for graph 108/216
Running dot for graph 109/216
Running dot for graph 110/216
Running dot for graph 111/216
Running dot for graph 112/216
Running dot for graph 113/216
Running dot for graph 114/216
Running dot for graph 115/216
Running dot for graph 116/216
Running dot for graph 117/216
Running dot for graph 118/216
Running dot for graph 119/216
Running dot for graph 120/216
Running dot for graph 121/216
Running dot for graph 122/216
Running dot for graph 123/216
Running dot for graph 124/216
Running dot for graph 125/216
Running dot for graph 126/216
Running dot for graph 127/216
Running dot for graph 128/216
Running dot for graph 129/216
Running dot for graph 130/216
Running dot for graph 131/216
Running dot for graph 132/216
Running dot for graph 133/216
Running dot for graph 134/216
Running dot for graph 135/216
Running dot for graph 136/216
Running dot for graph 137/216
Running dot for graph 138/216
Running dot for graph 139/216
Running dot for graph 140/216
Running dot for graph 141/216
Running dot for graph 142/216
Running dot for graph 143/216
Running dot for graph 144/216
Running dot for graph 145/216
Running dot for graph 146/216
Running dot for graph 147/216
Running dot for graph 148/216
Running dot for graph 149/216
Running dot for graph 150/216
Running dot for graph 151/216
Running dot for graph 152/216
Running dot for graph 153/216
Running dot for graph 154/216
Running dot for graph 155/216
Running dot for graph 156/216
Running dot for graph 157/216
Running dot for graph 158/216
Running dot for graph 159/216
Running dot for graph 160/216
Running dot for graph 161/216
Running dot for graph 162/216
Running dot for graph 163/216
Running dot for graph 164/216
Running dot for graph 165/216
Running dot for graph 166/216
Running dot for graph 167/216
Running dot for graph 168/216
Running dot for graph 169/216
Running dot for graph 170/216
Running dot for graph 171/216
Running dot for graph 172/216
Running dot for graph 173/216
Running dot for graph 174/216
Running dot for graph 175/216
Running dot for graph 176/216
Running dot for graph 177/216
Running dot for graph 178/216
Running dot for graph 179/216
Running dot for graph 180/216
Running dot for graph 181/216
Running dot for graph 182/216
Running dot for graph 183/216
Running dot for graph 184/216
Running dot for graph 185/216
Running dot for graph 186/216
Running dot for graph 187/216
Running dot for graph 188/216
Running dot for graph 189/216
Running dot for graph 190/216
Running dot for graph 191/216
Running dot for graph 192/216
Running dot for graph 193/216
Running dot for graph 194/216
Running dot for graph 195/216
Running dot for graph 196/216
Running dot for graph 197/216
Running dot for graph 198/216
Running dot for graph 199/216
Running dot for graph 200/216
Running dot for graph 201/216
Running dot for graph 202/216
Running dot for graph 203/216
Running dot for graph 204/216
Running dot for graph 205/216
Running dot for graph 206/216
Running dot for graph 207/216
Running dot for graph 208/216
Running dot for graph 209/216
Running dot for graph 210/216
Running dot for graph 211/216
Running dot for graph 212/216
Running dot for graph 213/216
Running dot for graph 214/216
Running dot for graph 215/216
Running dot for graph 216/216
Patching output file 1/45
Patching output file 2/45
Patching output file 3/45
Patching output file 4/45
Patching output file 5/45
Patching output file 6/45
Patching output file 7/45
Patching output file 8/45
Patching output file 9/45
Patching output file 10/45
Patching output file 11/45
Patching output file 12/45
Patching output file 13/45
Patching output file 14/45
Patching output file 15/45
Patching output file 16/45
Patching output file 17/45
Patching output file 18/45
Patching output file 19/45
Patching output file 20/45
Patching output file 21/45
Patching output file 22/45
Patching output file 23/45
Patching output file 24/45
Patching output file 25/45
Patching output file 26/45
Patching output file 27/45
Patching output file 28/45
Patching output file 29/45
Patching output file 30/45
Patching output file 31/45
Patching output file 32/45
Patching output file 33/45
Patching output file 34/45
Patching output file 35/45
Patching output file 36/45
Patching output file 37/45
Patching output file 38/45
Patching output file 39/45
Patching output file 40/45
Patching output file 41/45
Patching output file 42/45
Patching output file 43/45
Patching output file 44/45
Patching output file 45/45
lookup cache used 357/65536 hits=3155 misses=360
finished...
