Searching for include files...
Searching for example files...
Searching for images...
Searching for dot files...
Searching for files in directory /home/travis/build/waleko/PictureCrypt/src/doxy/assets
Searching for msc files...
Searching for dia files...
Searching for files to exclude
Searching for files to process...
Searching for files in directory /home/travis/build/waleko/PictureCrypt/src
Searching for files in directory /home/travis/build/waleko/PictureCrypt/src/aes
Searching for files in directory /home/travis/build/waleko/PictureCrypt/src/build
Searching for files in directory /home/travis/build/waleko/PictureCrypt/src/build/Release
Searching for files in directory /home/travis/build/waleko/PictureCrypt/src/config
Searching for files in directory /home/travis/build/waleko/PictureCrypt/src/doxy
Searching for files in directory /home/travis/build/waleko/PictureCrypt/src/doxy/assets
Searching for files in directory /home/travis/build/waleko/PictureCrypt/src/icons
Searching for files in directory /home/travis/build/waleko/PictureCrypt/src/unit_tests
Reading and parsing tag files
Parsing files
Preprocessing /home/travis/build/waleko/PictureCrypt/src/aboutpc.cpp...
Parsing file /home/travis/build/waleko/PictureCrypt/src/aboutpc.cpp...
Preprocessing /home/travis/build/waleko/PictureCrypt/src/aboutpc.h...
Parsing file /home/travis/build/waleko/PictureCrypt/src/aboutpc.h...
Preprocessing /home/travis/build/waleko/PictureCrypt/src/aes/qaesencryption.cpp...
Parsing file /home/travis/build/waleko/PictureCrypt/src/aes/qaesencryption.cpp...
Preprocessing /home/travis/build/waleko/PictureCrypt/src/aes/qaesencryption.h...
Parsing file /home/travis/build/waleko/PictureCrypt/src/aes/qaesencryption.h...
Preprocessing /home/travis/build/waleko/PictureCrypt/src/config/ErrorsDict.json...
Parsing file /home/travis/build/waleko/PictureCrypt/src/config/ErrorsDict.json...
Reading /home/travis/build/waleko/PictureCrypt/src/config/ErrorsDictSetup.py...
Parsing file /home/travis/build/waleko/PictureCrypt/src/config/ErrorsDictSetup.py...
Preprocessing /home/travis/build/waleko/PictureCrypt/src/controllerpc.cpp...
Parsing file /home/travis/build/waleko/PictureCrypt/src/controllerpc.cpp...
Preprocessing /home/travis/build/waleko/PictureCrypt/src/controllerpc.h...
Parsing file /home/travis/build/waleko/PictureCrypt/src/controllerpc.h...
Preprocessing /home/travis/build/waleko/PictureCrypt/src/encryptdialog.cpp...
Parsing file /home/travis/build/waleko/PictureCrypt/src/encryptdialog.cpp...
Preprocessing /home/travis/build/waleko/PictureCrypt/src/encryptdialog.h...
Parsing file /home/travis/build/waleko/PictureCrypt/src/encryptdialog.h...
Preprocessing /home/travis/build/waleko/PictureCrypt/src/main.cpp...
Parsing file /home/travis/build/waleko/PictureCrypt/src/main.cpp...
Preprocessing /home/travis/build/waleko/PictureCrypt/src/modelpc.cpp...
Parsing file /home/travis/build/waleko/PictureCrypt/src/modelpc.cpp...
Preprocessing /home/travis/build/waleko/PictureCrypt/src/modelpc.h...
Parsing file /home/travis/build/waleko/PictureCrypt/src/modelpc.h...
Preprocessing /home/travis/build/waleko/PictureCrypt/src/unit_tests/testpc.cpp...
Parsing file /home/travis/build/waleko/PictureCrypt/src/unit_tests/testpc.cpp...
Preprocessing /home/travis/build/waleko/PictureCrypt/src/unit_tests/testpc.h...
Parsing file /home/travis/build/waleko/PictureCrypt/src/unit_tests/testpc.h...
Reading /home/travis/build/waleko/PictureCrypt/src/unit_tests/tests-setup.py...
Parsing file /home/travis/build/waleko/PictureCrypt/src/unit_tests/tests-setup.py...
Preprocessing /home/travis/build/waleko/PictureCrypt/src/unit_tests/tests.json...
Parsing file /home/travis/build/waleko/PictureCrypt/src/unit_tests/tests.json...
Preprocessing /home/travis/build/waleko/PictureCrypt/src/viewpc.cpp...
Parsing file /home/travis/build/waleko/PictureCrypt/src/viewpc.cpp...
Preprocessing /home/travis/build/waleko/PictureCrypt/src/viewpc.h...
Parsing file /home/travis/build/waleko/PictureCrypt/src/viewpc.h...
Building group list...
Building directory list...
Building namespace list...
Building file list...
Building class list...
Associating documentation with classes...
Computing nesting relations for classes...
Building example list...
Searching for enumerations...
Searching for documented typedefs...
Searching for members imported via using declarations...
Searching for included using directives...
Searching for documented variables...
Building interface member list...
Building member list...
Searching for friends...
Searching for documented defines...
Computing class inheritance relations...
Computing class usage relations...
Flushing cached template relations that have become invalid...
Creating members for template instances...
Computing class relations...
Add enum values to enums...
Searching for member function documentation...
Building page list...
Search for main page...
Computing page relations...
Determining the scope of groups...
Sorting lists...
Freeing entry tree
Determining which enums are documented
Computing member relations...
Building full member lists recursively...
Adding members to member groups.
Computing member references...
Inheriting documentation...
Generating disk names...
Adding source references...
Adding xrefitems...
Sorting member lists...
Computing dependencies between directories...
Generating citations page...
Counting data structures...
Resolving user defined references...
Finding anchors and sections in the documentation...
Transferring function references...
Combining using relations...
Adding members to index pages...
Generating style sheet...
Generating search indices...
Generating example documentation...
Generating file sources...
Generating code for file aboutpc.cpp...
Generating code for file aboutpc.h...
Generating code for file controllerpc.cpp...
Generating code for file controllerpc.h...
Generating code for file encryptdialog.cpp...
Generating code for file encryptdialog.h...
Generating code for file ErrorsDict.json...
Generating code for file ErrorsDictSetup.py...
Generating code for file main.cpp...
Generating code for file modelpc.cpp...
Generating code for file modelpc.h...
Generating code for file qaesencryption.cpp...
Generating code for file qaesencryption.h...
Generating code for file testpc.cpp...
Generating code for file testpc.h...
Generating code for file tests-setup.py...
Generating code for file tests.json...
Generating code for file viewpc.cpp...
Generating code for file viewpc.h...
Generating file documentation...
Generating docs for file aboutpc.cpp...
Generating docs for file aboutpc.h...
Generating docs for file controllerpc.cpp...
Generating docs for file controllerpc.h...
Generating docs for file encryptdialog.cpp...
Generating docs for file encryptdialog.h...
Generating docs for file ErrorsDict.json...
Generating docs for file ErrorsDictSetup.py...
Generating docs for file main.cpp...
Generating docs for file modelpc.cpp...
Generating docs for file modelpc.h...
Generating docs for file qaesencryption.cpp...
Generating call graph for function multiply
Generating caller graph for function xTime
Generating docs for file qaesencryption.h...
Generating docs for file testpc.cpp...
Generating docs for file testpc.h...
Generating docs for file tests-setup.py...
Generating docs for file tests.json...
Generating docs for file viewpc.cpp...
Generating docs for file viewpc.h...
Generating page documentation...
Generating group documentation...
Generating class documentation...
Generating docs for compound AboutPC...
Generating caller graph for function AboutPC::setVersion
Generating docs for compound ControllerPC...
Generating call graph for function ControllerPC::ControllerPC
Generating caller graph for function ControllerPC::abortCircuit
Generating call graph for function ControllerPC::runTests
Generating caller graph for function ControllerPC::runTests
Generating caller graph for function ControllerPC::setJPHSDir
Generating docs for compound EncryptDialog...
Generating call graph for function EncryptDialog::EncryptDialog
Generating call graph for function EncryptDialog::on_buttonBox_accepted
Generating call graph for function EncryptDialog::zip
Generating caller graph for function EncryptDialog::zip
Generating docs for compound ModelPC...
Generating caller graph for function ModelPC::ModelPC
Generating caller graph for function ModelPC::alert
Generating caller graph for function ModelPC::alertView
Generating call graph for function ModelPC::circuit
Generating caller graph for function ModelPC::circuit
Generating call graph for function ModelPC::Decrypt
Generating call graph for function ModelPC::decrypt
Generating caller graph for function ModelPC::decrypt
Generating call graph for function ModelPC::decryptv1_3
Generating caller graph for function ModelPC::decryptv1_3
Generating caller graph for function ModelPC::decryptv1_4
Generating call graph for function ModelPC::Encrypt
Generating call graph for function ModelPC::encrypt
Generating caller graph for function ModelPC::encrypt
Generating call graph for function ModelPC::encryptv1_4
Generating caller graph for function ModelPC::encryptv1_4
Generating call graph for function ModelPC::fail
Generating caller graph for function ModelPC::fail
Generating call graph for function ModelPC::Inject
Generating call graph for function ModelPC::inject
Generating caller graph for function ModelPC::inject
Generating call graph for function ModelPC::jphs
Generating caller graph for function ModelPC::jphs
Generating call graph for function ModelPC::processPixel
Generating caller graph for function ModelPC::processPixel
Generating caller graph for function ModelPC::saveData
Generating caller graph for function ModelPC::saveImage
Generating caller graph for function ModelPC::setProgress
Generating call graph for function ModelPC::unzip
Generating caller graph for function ModelPC::unzip
Generating call graph for function ModelPC::zip
Generating caller graph for function ModelPC::zip
Generating docs for compound QAESEncryption...
Generating caller graph for function QAESEncryption::QAESEncryption
Generating call graph for function QAESEncryption::Crypt
Generating caller graph for function QAESEncryption::Crypt
Generating call graph for function QAESEncryption::decode
Generating caller graph for function QAESEncryption::decode
Generating call graph for function QAESEncryption::Decrypt
Generating call graph for function QAESEncryption::encode
Generating call graph for function QAESEncryption::ExpandKey
Generating caller graph for function QAESEncryption::expandKey
Generating docs for compound TestPC...
Generating caller graph for function TestPC::TestPC
Generating call graph for function TestPC::Test
Generating caller graph for function TestPC::Test
Generating call graph for function TestPC::test
Generating docs for compound ViewPC...
Generating call graph for function ViewPC::ViewPC
Generating caller graph for function ViewPC::abortCircuit
Generating caller graph for function ViewPC::abortModel
Generating caller graph for function ViewPC::alert
Generating caller graph for function ViewPC::decrypt
Generating caller graph for function ViewPC::encrypt
Generating call graph for function ViewPC::on_actionAbout_triggered
Generating call graph for function ViewPC::on_startButton_clicked
Generating call graph for function ViewPC::requestKey
Generating caller graph for function ViewPC::requestKey
Generating call graph for function ViewPC::saveData
Generating call graph for function ViewPC::saveImage
Generating call graph for function ViewPC::setProgress
Generating caller graph for function ViewPC::setVersion
Generating namespace index...
Generating docs for namespace ErrorsDictSetup
Generating docs for namespace tests-setup
Generating docs for namespace Ui
Generating graph info page...
Generating directory documentation...
Generating dependency graph for directory aes
Generating dependency graph for directory config
Generating dependency graph for directory unit_tests
Generating index page...
Generating page index...
Generating module index...
Generating namespace index...
Generating namespace member index...
Generating annotated compound index...
Generating alphabetical compound index...
Generating hierarchical class index...
Generating graphical class hierarchy...
Generating member index...
Generating file index...
Generating file member index...
Generating example index...
finalizing index lists...
Running dot...
Generating dot graphs using 3 parallel threads...
Running dot for graph 1/224
Running dot for graph 2/224
Running dot for graph 3/224
Running dot for graph 4/224
Running dot for graph 5/224
Running dot for graph 6/224
Running dot for graph 7/224
Running dot for graph 8/224
Running dot for graph 9/224
Running dot for graph 10/224
Running dot for graph 11/224
Running dot for graph 12/224
Running dot for graph 13/224
Running dot for graph 14/224
Running dot for graph 15/224
Running dot for graph 16/224
Running dot for graph 17/224
Running dot for graph 18/224
Running dot for graph 19/224
Running dot for graph 20/224
Running dot for graph 21/224
Running dot for graph 22/224
Running dot for graph 23/224
Running dot for graph 24/224
Running dot for graph 25/224
Running dot for graph 26/224
Running dot for graph 27/224
Running dot for graph 28/224
Running dot for graph 29/224
Running dot for graph 30/224
Running dot for graph 31/224
Running dot for graph 32/224
Running dot for graph 33/224
Running dot for graph 34/224
Running dot for graph 35/224
Running dot for graph 36/224
Running dot for graph 37/224
Running dot for graph 38/224
Running dot for graph 39/224
Running dot for graph 40/224
Running dot for graph 41/224
Running dot for graph 42/224
Running dot for graph 43/224
Running dot for graph 44/224
Running dot for graph 45/224
Running dot for graph 46/224
Running dot for graph 47/224
Running dot for graph 48/224
Running dot for graph 49/224
Running dot for graph 50/224
Running dot for graph 51/224
Running dot for graph 52/224
Running dot for graph 53/224
Running dot for graph 54/224
Running dot for graph 55/224
Running dot for graph 56/224
Running dot for graph 57/224
Running dot for graph 58/224
Running dot for graph 59/224
Running dot for graph 60/224
Running dot for graph 61/224
Running dot for graph 62/224
Running dot for graph 63/224
Running dot for graph 64/224
Running dot for graph 65/224
Running dot for graph 66/224
Running dot for graph 67/224
Running dot for graph 68/224
Running dot for graph 69/224
Running dot for graph 70/224
Running dot for graph 71/224
Running dot for graph 72/224
Running dot for graph 73/224
Running dot for graph 74/224
Running dot for graph 75/224
Running dot for graph 76/224
Running dot for graph 77/224
Running dot for graph 78/224
Running dot for graph 79/224
Running dot for graph 80/224
Running dot for graph 81/224
Running dot for graph 82/224
Running dot for graph 83/224
Running dot for graph 84/224
Running dot for graph 85/224
Running dot for graph 86/224
Running dot for graph 87/224
Running dot for graph 88/224
Running dot for graph 89/224
Running dot for graph 90/224
Running dot for graph 91/224
Running dot for graph 92/224
Running dot for graph 93/224
Running dot for graph 94/224
Running dot for graph 95/224
Running dot for graph 96/224
Running dot for graph 97/224
Running dot for graph 98/224
Running dot for graph 99/224
Running dot for graph 100/224
Running dot for graph 101/224
Running dot for graph 102/224
Running dot for graph 103/224
Running dot for graph 104/224
Running dot for graph 105/224
Running dot for graph 106/224
Running dot for graph 107/224
Running dot for graph 108/224
Running dot for graph 109/224
Running dot for graph 110/224
Running dot for graph 111/224
Running dot for graph 112/224
Running dot for graph 113/224
Running dot for graph 114/224
Running dot for graph 115/224
Running dot for graph 116/224
Running dot for graph 117/224
Running dot for graph 118/224
Running dot for graph 119/224
Running dot for graph 120/224
Running dot for graph 121/224
Running dot for graph 122/224
Running dot for graph 123/224
Running dot for graph 124/224
Running dot for graph 125/224
Running dot for graph 126/224
Running dot for graph 127/224
Running dot for graph 128/224
Running dot for graph 129/224
Running dot for graph 130/224
Running dot for graph 131/224
Running dot for graph 132/224
Running dot for graph 133/224
Running dot for graph 134/224
Running dot for graph 135/224
Running dot for graph 136/224
Running dot for graph 137/224
Running dot for graph 138/224
Running dot for graph 139/224
Running dot for graph 140/224
Running dot for graph 141/224
Running dot for graph 142/224
Running dot for graph 143/224
Running dot for graph 144/224
Running dot for graph 145/224
Running dot for graph 146/224
Running dot for graph 147/224
Running dot for graph 148/224
Running dot for graph 149/224
Running dot for graph 150/224
Running dot for graph 151/224
Running dot for graph 152/224
Running dot for graph 153/224
Running dot for graph 154/224
Running dot for graph 155/224
Running dot for graph 156/224
Running dot for graph 157/224
Running dot for graph 158/224
Running dot for graph 159/224
Running dot for graph 160/224
Running dot for graph 161/224
Running dot for graph 162/224
Running dot for graph 163/224
Running dot for graph 164/224
Running dot for graph 165/224
Running dot for graph 166/224
Running dot for graph 167/224
Running dot for graph 168/224
Running dot for graph 169/224
Running dot for graph 170/224
Running dot for graph 171/224
Running dot for graph 172/224
Running dot for graph 173/224
Running dot for graph 174/224
Running dot for graph 175/224
Running dot for graph 176/224
Running dot for graph 177/224
Running dot for graph 178/224
Running dot for graph 179/224
Running dot for graph 180/224
Running dot for graph 181/224
Running dot for graph 182/224
Running dot for graph 183/224
Running dot for graph 184/224
Running dot for graph 185/224
Running dot for graph 186/224
Running dot for graph 187/224
Running dot for graph 188/224
Running dot for graph 189/224
Running dot for graph 190/224
Running dot for graph 191/224
Running dot for graph 192/224
Running dot for graph 193/224
Running dot for graph 194/224
Running dot for graph 195/224
Running dot for graph 196/224
Running dot for graph 197/224
Running dot for graph 198/224
Running dot for graph 199/224
Running dot for graph 200/224
Running dot for graph 201/224
Running dot for graph 202/224
Running dot for graph 203/224
Running dot for graph 204/224
Running dot for graph 205/224
Running dot for graph 206/224
Running dot for graph 207/224
Running dot for graph 208/224
Running dot for graph 209/224
Running dot for graph 210/224
Running dot for graph 211/224
Running dot for graph 212/224
Running dot for graph 213/224
Running dot for graph 214/224
Running dot for graph 215/224
Running dot for graph 216/224
Running dot for graph 217/224
Running dot for graph 218/224
Running dot for graph 219/224
Running dot for graph 220/224
Running dot for graph 221/224
Running dot for graph 222/224
Running dot for graph 223/224
Running dot for graph 224/224
Patching output file 1/51
Patching output file 2/51
Patching output file 3/51
Patching output file 4/51
Patching output file 5/51
Patching output file 6/51
Patching output file 7/51
Patching output file 8/51
Patching output file 9/51
Patching output file 10/51
Patching output file 11/51
Patching output file 12/51
Patching output file 13/51
Patching output file 14/51
Patching output file 15/51
Patching output file 16/51
Patching output file 17/51
Patching output file 18/51
Patching output file 19/51
Patching output file 20/51
Patching output file 21/51
Patching output file 22/51
Patching output file 23/51
Patching output file 24/51
Patching output file 25/51
Patching output file 26/51
Patching output file 27/51
Patching output file 28/51
Patching output file 29/51
Patching output file 30/51
Patching output file 31/51
Patching output file 32/51
Patching output file 33/51
Patching output file 34/51
Patching output file 35/51
Patching output file 36/51
Patching output file 37/51
Patching output file 38/51
Patching output file 39/51
Patching output file 40/51
Patching output file 41/51
Patching output file 42/51
Patching output file 43/51
Patching output file 44/51
Patching output file 45/51
Patching output file 46/51
Patching output file 47/51
Patching output file 48/51
Patching output file 49/51
Patching output file 50/51
Patching output file 51/51
lookup cache used 396/65536 hits=2893 misses=400
finished...
