Searching for include files...
Searching for example files...
Searching for images...
Searching for dot files...
Searching for files in directory /home/travis/build/waleko/PictureCrypt/app/src/doxy/assets
Searching for msc files...
Searching for dia files...
Searching for files to exclude
Searching INPUT for files to process...
Searching for files in directory /home/travis/build/waleko/PictureCrypt/app/src
Searching for files in directory /home/travis/build/waleko/PictureCrypt/app/src/aes
Searching for files in directory /home/travis/build/waleko/PictureCrypt/app/src/build
Searching for files in directory /home/travis/build/waleko/PictureCrypt/app/src/build/Release
Searching for files in directory /home/travis/build/waleko/PictureCrypt/app/src/doxy
Searching for files in directory /home/travis/build/waleko/PictureCrypt/app/src/doxy/assets
Searching for files in directory /home/travis/build/waleko/PictureCrypt/app/src/icons
Searching for files in directory /home/travis/build/waleko/PictureCrypt/app/src/translations
Reading and parsing tag files
Parsing files
Preprocessing /home/travis/build/waleko/PictureCrypt/app/src/aboutpc.cpp...
Parsing file /home/travis/build/waleko/PictureCrypt/app/src/aboutpc.cpp...
Preprocessing /home/travis/build/waleko/PictureCrypt/app/src/aboutpc.h...
Parsing file /home/travis/build/waleko/PictureCrypt/app/src/aboutpc.h...
Preprocessing /home/travis/build/waleko/PictureCrypt/app/src/aes/qaesencryption.cpp...
Parsing file /home/travis/build/waleko/PictureCrypt/app/src/aes/qaesencryption.cpp...
Preprocessing /home/travis/build/waleko/PictureCrypt/app/src/aes/qaesencryption.h...
Parsing file /home/travis/build/waleko/PictureCrypt/app/src/aes/qaesencryption.h...
Preprocessing /home/travis/build/waleko/PictureCrypt/app/src/controllerpc.cpp...
Parsing file /home/travis/build/waleko/PictureCrypt/app/src/controllerpc.cpp...
Preprocessing /home/travis/build/waleko/PictureCrypt/app/src/controllerpc.h...
Parsing file /home/travis/build/waleko/PictureCrypt/app/src/controllerpc.h...
Preprocessing /home/travis/build/waleko/PictureCrypt/app/src/encryptdialog.cpp...
Parsing file /home/travis/build/waleko/PictureCrypt/app/src/encryptdialog.cpp...
Preprocessing /home/travis/build/waleko/PictureCrypt/app/src/encryptdialog.h...
Parsing file /home/travis/build/waleko/PictureCrypt/app/src/encryptdialog.h...
Preprocessing /home/travis/build/waleko/PictureCrypt/app/src/main.cpp...
Parsing file /home/travis/build/waleko/PictureCrypt/app/src/main.cpp...
Preprocessing /home/travis/build/waleko/PictureCrypt/app/src/modelpc.cpp...
Parsing file /home/travis/build/waleko/PictureCrypt/app/src/modelpc.cpp...
Preprocessing /home/travis/build/waleko/PictureCrypt/app/src/modelpc.h...
Parsing file /home/travis/build/waleko/PictureCrypt/app/src/modelpc.h...
Preprocessing /home/travis/build/waleko/PictureCrypt/app/src/viewpc.cpp...
Parsing file /home/travis/build/waleko/PictureCrypt/app/src/viewpc.cpp...
Preprocessing /home/travis/build/waleko/PictureCrypt/app/src/viewpc.h...
Parsing file /home/travis/build/waleko/PictureCrypt/app/src/viewpc.h...
Building group list...
Building directory list...
Building namespace list...
Building file list...
Building class list...
Associating documentation with classes...
Computing nesting relations for classes...
Building example list...
Searching for enumerations...
Searching for documented typedefs...
Searching for members imported via using declarations...
Searching for included using directives...
Searching for documented variables...
Building interface member list...
Building member list...
Searching for friends...
Searching for documented defines...
Computing class inheritance relations...
Computing class usage relations...
Flushing cached template relations that have become invalid...
Creating members for template instances...
Computing class relations...
Add enum values to enums...
Searching for member function documentation...
Building page list...
Search for main page...
Computing page relations...
Determining the scope of groups...
Sorting lists...
Freeing entry tree
Determining which enums are documented
Computing member relations...
Building full member lists recursively...
Adding members to member groups.
Computing member references...
Inheriting documentation...
Generating disk names...
Adding source references...
Adding xrefitems...
Sorting member lists...
Computing dependencies between directories...
Generating citations page...
Counting data structures...
Resolving user defined references...
Finding anchors and sections in the documentation...
Transferring function references...
Combining using relations...
Adding members to index pages...
Generating style sheet...
Generating search indices...
Generating example documentation...
Generating file sources...
Generating code for file aboutpc.cpp...
Generating code for file aboutpc.h...
Generating code for file controllerpc.cpp...
Generating code for file controllerpc.h...
Generating code for file encryptdialog.cpp...
Generating code for file encryptdialog.h...
Generating code for file main.cpp...
Generating code for file modelpc.cpp...
Generating code for file modelpc.h...
Generating code for file qaesencryption.cpp...
Generating code for file qaesencryption.h...
Generating code for file viewpc.cpp...
Generating code for file viewpc.h...
Generating file documentation...
Generating docs for file aboutpc.cpp...
Generating docs for file aboutpc.h...
Generating docs for file controllerpc.cpp...
Generating docs for file controllerpc.h...
Generating docs for file encryptdialog.cpp...
Generating docs for file encryptdialog.h...
Generating docs for file main.cpp...
Generating docs for file modelpc.cpp...
Generating docs for file modelpc.h...
Generating docs for file qaesencryption.cpp...
Generating call graph for function multiply
Generating caller graph for function multiply
Generating caller graph for function xTime
Generating docs for file qaesencryption.h...
Generating docs for file viewpc.cpp...
Generating docs for file viewpc.h...
Generating page documentation...
Generating group documentation...
Generating class documentation...
Generating docs for compound AboutPC...
Generating caller graph for function AboutPC::setVersion
Generating docs for compound ControllerPC...
Generating call graph for function ControllerPC::ControllerPC
Generating caller graph for function ControllerPC::abortCircuit
Generating caller graph for function ControllerPC::setJPHSDir
Generating docs for compound EncryptDialog...
Generating call graph for function EncryptDialog::EncryptDialog
Generating call graph for function EncryptDialog::on_buttonBox_accepted
Generating call graph for function EncryptDialog::zip
Generating caller graph for function EncryptDialog::zip
Generating docs for compound ModelPC...
Generating caller graph for function ModelPC::ModelPC
Generating caller graph for function ModelPC::alert
Generating caller graph for function ModelPC::alertView
Generating call graph for function ModelPC::circuit
Generating caller graph for function ModelPC::circuit
Generating call graph for function ModelPC::Decrypt
Generating call graph for function ModelPC::decrypt
Generating call graph for function ModelPC::decryptv1_3
Generating caller graph for function ModelPC::decryptv1_3
Generating call graph for function ModelPC::decryptv1_4
Generating caller graph for function ModelPC::decryptv1_4
Generating call graph for function ModelPC::Encrypt
Generating call graph for function ModelPC::encrypt
Generating call graph for function ModelPC::encryptv1_4
Generating caller graph for function ModelPC::encryptv1_4
Generating call graph for function ModelPC::fail
Generating caller graph for function ModelPC::fail
Generating call graph for function ModelPC::Inject
Generating call graph for function ModelPC::inject
Generating caller graph for function ModelPC::inject
Generating call graph for function ModelPC::jphs
Generating caller graph for function ModelPC::jphs
Generating caller graph for function ModelPC::proccessPixelsv1_4
Generating call graph for function ModelPC::processPixel
Generating caller graph for function ModelPC::processPixel
Generating caller graph for function ModelPC::saveData
Generating caller graph for function ModelPC::saveImage
Generating caller graph for function ModelPC::setProgress
Generating call graph for function ModelPC::unzip
Generating caller graph for function ModelPC::unzip
Generating call graph for function ModelPC::zip
Generating caller graph for function ModelPC::zip
Generating docs for compound QAESEncryption...
Generating caller graph for function QAESEncryption::QAESEncryption
Generating call graph for function QAESEncryption::Crypt
Generating caller graph for function QAESEncryption::Crypt
Generating call graph for function QAESEncryption::decode
Generating caller graph for function QAESEncryption::decode
Generating call graph for function QAESEncryption::Decrypt
Generating call graph for function QAESEncryption::encode
Generating call graph for function QAESEncryption::ExpandKey
Generating call graph for function QAESEncryption::expandKey
Generating caller graph for function QAESEncryption::expandKey
Generating docs for compound ViewPC...
Generating call graph for function ViewPC::ViewPC
Generating call graph for function ViewPC::~ViewPC
Generating caller graph for function ViewPC::abortCircuit
Generating caller graph for function ViewPC::abortModel
Generating caller graph for function ViewPC::alert
Generating caller graph for function ViewPC::decrypt
Generating caller graph for function ViewPC::encrypt
Generating caller graph for function ViewPC::inject
Generating call graph for function ViewPC::on_actionAbout_triggered
Generating call graph for function ViewPC::on_startButton_clicked
Generating call graph for function ViewPC::requestKey
Generating caller graph for function ViewPC::requestKey
Generating call graph for function ViewPC::saveData
Generating call graph for function ViewPC::saveImage
Generating caller graph for function ViewPC::setEncryptMode
Generating caller graph for function ViewPC::setJPHSDir
Generating call graph for function ViewPC::setProgress
Generating caller graph for function ViewPC::setupErrorsDict
Generating caller graph for function ViewPC::setVersion
Generating namespace index...
Generating docs for namespace Ui
Generating graph info page...
Generating directory documentation...
Generating index page...
Generating page index...
Generating module index...
Generating namespace index...
Generating namespace member index...
Generating annotated compound index...
Generating alphabetical compound index...
Generating hierarchical class index...
Generating graphical class hierarchy...
Generating member index...
Generating file index...
Generating file member index...
Generating example index...
finalizing index lists...
writing tag file...
Running dot...
Generating dot graphs using 3 parallel threads...
Running dot for graph 1/210
Running dot for graph 2/210
Running dot for graph 3/210
Running dot for graph 4/210
Running dot for graph 5/210
Running dot for graph 6/210
Running dot for graph 7/210
Running dot for graph 8/210
Running dot for graph 9/210
Running dot for graph 10/210
Running dot for graph 11/210
Running dot for graph 12/210
Running dot for graph 13/210
Running dot for graph 14/210
Running dot for graph 15/210
Running dot for graph 16/210
Running dot for graph 17/210
Running dot for graph 18/210
Running dot for graph 19/210
Running dot for graph 20/210
Running dot for graph 21/210
Running dot for graph 22/210
Running dot for graph 23/210
Running dot for graph 24/210
Running dot for graph 25/210
Running dot for graph 26/210
Running dot for graph 27/210
Running dot for graph 28/210
Running dot for graph 29/210
Running dot for graph 30/210
Running dot for graph 31/210
Running dot for graph 32/210
Running dot for graph 33/210
Running dot for graph 34/210
Running dot for graph 35/210
Running dot for graph 36/210
Running dot for graph 37/210
Running dot for graph 38/210
Running dot for graph 39/210
Running dot for graph 40/210
Running dot for graph 41/210
Running dot for graph 42/210
Running dot for graph 43/210
Running dot for graph 44/210
Running dot for graph 45/210
Running dot for graph 46/210
Running dot for graph 47/210
Running dot for graph 48/210
Running dot for graph 49/210
Running dot for graph 50/210
Running dot for graph 51/210
Running dot for graph 52/210
Running dot for graph 53/210
Running dot for graph 54/210
Running dot for graph 55/210
Running dot for graph 56/210
Running dot for graph 57/210
Running dot for graph 58/210
Running dot for graph 59/210
Running dot for graph 60/210
Running dot for graph 61/210
Running dot for graph 62/210
Running dot for graph 63/210
Running dot for graph 64/210
Running dot for graph 65/210
Running dot for graph 66/210
Running dot for graph 67/210
Running dot for graph 68/210
Running dot for graph 69/210
Running dot for graph 70/210
Running dot for graph 71/210
Running dot for graph 72/210
Running dot for graph 73/210
Running dot for graph 74/210
Running dot for graph 75/210
Running dot for graph 76/210
Running dot for graph 77/210
Running dot for graph 78/210
Running dot for graph 79/210
Running dot for graph 80/210
Running dot for graph 81/210
Running dot for graph 82/210
Running dot for graph 83/210
Running dot for graph 84/210
Running dot for graph 85/210
Running dot for graph 86/210
Running dot for graph 87/210
Running dot for graph 88/210
Running dot for graph 89/210
Running dot for graph 90/210
Running dot for graph 91/210
Running dot for graph 92/210
Running dot for graph 93/210
Running dot for graph 94/210
Running dot for graph 95/210
Running dot for graph 96/210
Running dot for graph 97/210
Running dot for graph 98/210
Running dot for graph 99/210
Running dot for graph 100/210
Running dot for graph 101/210
Running dot for graph 102/210
Running dot for graph 103/210
Running dot for graph 104/210
Running dot for graph 105/210
Running dot for graph 106/210
Running dot for graph 107/210
Running dot for graph 108/210
Running dot for graph 109/210
Running dot for graph 110/210
Running dot for graph 111/210
Running dot for graph 112/210
Running dot for graph 113/210
Running dot for graph 114/210
Running dot for graph 115/210
Running dot for graph 116/210
Running dot for graph 117/210
Running dot for graph 118/210
Running dot for graph 119/210
Running dot for graph 120/210
Running dot for graph 121/210
Running dot for graph 122/210
Running dot for graph 123/210
Running dot for graph 124/210
Running dot for graph 125/210
Running dot for graph 126/210
Running dot for graph 127/210
Running dot for graph 128/210
Running dot for graph 129/210
Running dot for graph 130/210
Running dot for graph 131/210
Running dot for graph 132/210
Running dot for graph 133/210
Running dot for graph 134/210
Running dot for graph 135/210
Running dot for graph 136/210
Running dot for graph 137/210
Running dot for graph 138/210
Running dot for graph 139/210
Running dot for graph 140/210
Running dot for graph 141/210
Running dot for graph 142/210
Running dot for graph 143/210
Running dot for graph 144/210
Running dot for graph 145/210
Running dot for graph 146/210
Running dot for graph 147/210
Running dot for graph 148/210
Running dot for graph 149/210
Running dot for graph 150/210
Running dot for graph 151/210
Running dot for graph 152/210
Running dot for graph 153/210
Running dot for graph 154/210
Running dot for graph 155/210
Running dot for graph 156/210
Running dot for graph 157/210
Running dot for graph 158/210
Running dot for graph 159/210
Running dot for graph 160/210
Running dot for graph 161/210
Running dot for graph 162/210
Running dot for graph 163/210
Running dot for graph 164/210
Running dot for graph 165/210
Running dot for graph 166/210
Running dot for graph 167/210
Running dot for graph 168/210
Running dot for graph 169/210
Running dot for graph 170/210
Running dot for graph 171/210
Running dot for graph 172/210
Running dot for graph 173/210
Running dot for graph 174/210
Running dot for graph 175/210
Running dot for graph 176/210
Running dot for graph 177/210
Running dot for graph 178/210
Running dot for graph 179/210
Running dot for graph 180/210
Running dot for graph 181/210
Running dot for graph 182/210
Running dot for graph 183/210
Running dot for graph 184/210
Running dot for graph 185/210
Running dot for graph 186/210
Running dot for graph 187/210
Running dot for graph 188/210
Running dot for graph 189/210
Running dot for graph 190/210
Running dot for graph 191/210
Running dot for graph 192/210
Running dot for graph 193/210
Running dot for graph 194/210
Running dot for graph 195/210
Running dot for graph 196/210
Running dot for graph 197/210
Running dot for graph 198/210
Running dot for graph 199/210
Running dot for graph 200/210
Running dot for graph 201/210
Running dot for graph 202/210
Running dot for graph 203/210
Running dot for graph 204/210
Running dot for graph 205/210
Running dot for graph 206/210
Running dot for graph 207/210
Running dot for graph 208/210
Running dot for graph 209/210
Running dot for graph 210/210
Patching output file 1/39
Patching output file 2/39
Patching output file 3/39
Patching output file 4/39
Patching output file 5/39
Patching output file 6/39
Patching output file 7/39
Patching output file 8/39
Patching output file 9/39
Patching output file 10/39
Patching output file 11/39
Patching output file 12/39
Patching output file 13/39
Patching output file 14/39
Patching output file 15/39
Patching output file 16/39
Patching output file 17/39
Patching output file 18/39
Patching output file 19/39
Patching output file 20/39
Patching output file 21/39
Patching output file 22/39
Patching output file 23/39
Patching output file 24/39
Patching output file 25/39
Patching output file 26/39
Patching output file 27/39
Patching output file 28/39
Patching output file 29/39
Patching output file 30/39
Patching output file 31/39
Patching output file 32/39
Patching output file 33/39
Patching output file 34/39
Patching output file 35/39
Patching output file 36/39
Patching output file 37/39
Patching output file 38/39
Patching output file 39/39
lookup cache used 351/65536 hits=3139 misses=354
finished...
